2026-06-20 12:19:45 | INFO | app | → OPTIONS /usuarios/perfil
2026-06-20 12:19:45 | INFO | app | ← OPTIONS /usuarios/perfil | Status: 200 | 2.87ms
2026-06-20 12:19:45 | INFO | app | → OPTIONS /usuarios/perfil
2026-06-20 12:19:45 | INFO | app | ← OPTIONS /usuarios/perfil | Status: 200 | 3.69ms
2026-06-20 12:19:45 | INFO | app | → GET /usuarios/perfil
2026-06-20 12:19:46 | INFO | app | ← GET /usuarios/perfil | Status: 401 | 61.89ms
2026-06-20 12:19:46 | INFO | app | → GET /usuarios/perfil
2026-06-20 12:19:46 | INFO | app | → OPTIONS /usuarios/refresh
2026-06-20 12:19:46 | INFO | app | ← OPTIONS /usuarios/refresh | Status: 200 | 2.71ms
2026-06-20 12:19:46 | INFO | app | ← GET /usuarios/perfil | Status: 401 | 25.77ms
2026-06-20 12:19:46 | INFO | app | → POST /usuarios/refresh
2026-06-20 12:19:46 | INFO | app | → POST /usuarios/refresh
2026-06-20 12:19:46 | ERROR | app | ✗ POST /usuarios/refresh | Erro: TypeError | 35.71ms
2026-06-20 12:19:46 | CRITICAL | app | Erro inesperado | POST /usuarios/refresh | TypeError: app.routers.usuarios.renovar_token.<locals>.RefreshTokenRequest() argument after ** must be a mapping, not coroutine
  + Exception Group Traceback (most recent call last):
  |   File "C:\Users\otavi.LUCILENERODRIGU\gado_leiteiro_api\venv\Lib\site-packages\starlette\_utils.py", line 85, in create_collapsing_task_group
  |     async with anyio.create_task_group() as tg:
  |                ~~~~~~~~~~~~~~~~~~~~~~~^^
  |   File "C:\Users\otavi.LUCILENERODRIGU\gado_leiteiro_api\venv\Lib\site-packages\anyio\_backends\_asyncio.py", line 799, in __aexit__
  |     raise BaseExceptionGroup(
  |         "unhandled errors in a TaskGroup", self._exceptions
  |     ) from None
  | ExceptionGroup: unhandled errors in a TaskGroup (1 sub-exception)
  +-+---------------- 1 ----------------
    | Traceback (most recent call last):
    |   File "C:\Users\otavi.LUCILENERODRIGU\gado_leiteiro_api\venv\Lib\site-packages\starlette\middleware\errors.py", line 164, in __call__
    |     await self.app(scope, receive, _send)
    |   File "C:\Users\otavi.LUCILENERODRIGU\gado_leiteiro_api\venv\Lib\site-packages\starlette\middleware\base.py", line 193, in __call__
    |     response = await self.dispatch_func(request, call_next)
    |                ^^^^^^^^^^^^^^^^^^^^^^^^^^^^^^^^^^^^^^^^^^^^
    |   File "C:\Users\otavi.LUCILENERODRIGU\gado_leiteiro_api\app\main.py", line 101, in log_requisicoes
    |     raise exc
    |   File "C:\Users\otavi.LUCILENERODRIGU\gado_leiteiro_api\app\main.py", line 88, in log_requisicoes
    |     response = await call_next(request)
    |                ^^^^^^^^^^^^^^^^^^^^^^^^
    |   File "C:\Users\otavi.LUCILENERODRIGU\gado_leiteiro_api\venv\Lib\site-packages\starlette\middleware\base.py", line 168, in call_next
    |     raise app_exc from app_exc.__cause__ or app_exc.__context__
    |   File "C:\Users\otavi.LUCILENERODRIGU\gado_leiteiro_api\venv\Lib\site-packages\starlette\middleware\base.py", line 144, in coro
    |     await self.app(scope, receive_or_disconnect, send_no_error)
    |   File "C:\Users\otavi.LUCILENERODRIGU\gado_leiteiro_api\venv\Lib\site-packages\starlette\middleware\cors.py", line 96, in __call__
    |     await self.simple_response(scope, receive, send, request_headers=headers)
    |   File "C:\Users\otavi.LUCILENERODRIGU\gado_leiteiro_api\venv\Lib\site-packages\starlette\middleware\cors.py", line 154, in simple_response
    |     await self.app(scope, receive, send)
    |   File "C:\Users\otavi.LUCILENERODRIGU\gado_leiteiro_api\venv\Lib\site-packages\starlette\middleware\base.py", line 193, in __call__
    |     response = await self.dispatch_func(request, call_next)
    |                ^^^^^^^^^^^^^^^^^^^^^^^^^^^^^^^^^^^^^^^^^^^^
    |   File "C:\Users\otavi.LUCILENERODRIGU\gado_leiteiro_api\venv\Lib\site-packages\slowapi\middleware.py", line 136, in dispatch
    |     response = await call_next(request)
    |                ^^^^^^^^^^^^^^^^^^^^^^^^
    |   File "C:\Users\otavi.LUCILENERODRIGU\gado_leiteiro_api\venv\Lib\site-packages\starlette\middleware\base.py", line 168, in call_next
    |     raise app_exc from app_exc.__cause__ or app_exc.__context__
    |   File "C:\Users\otavi.LUCILENERODRIGU\gado_leiteiro_api\venv\Lib\site-packages\starlette\middleware\base.py", line 144, in coro
    |     await self.app(scope, receive_or_disconnect, send_no_error)
    |   File "C:\Users\otavi.LUCILENERODRIGU\gado_leiteiro_api\venv\Lib\site-packages\starlette\middleware\exceptions.py", line 63, in __call__
    |     await wrap_app_handling_exceptions(self.app, conn)(scope, receive, send)
    |   File "C:\Users\otavi.LUCILENERODRIGU\gado_leiteiro_api\venv\Lib\site-packages\starlette\_exception_handler.py", line 53, in wrapped_app
    |     raise exc
    |   File "C:\Users\otavi.LUCILENERODRIGU\gado_leiteiro_api\venv\Lib\site-packages\starlette\_exception_handler.py", line 42, in wrapped_app
    |     await app(scope, receive, sender)
    |   File "C:\Users\otavi.LUCILENERODRIGU\gado_leiteiro_api\venv\Lib\site-packages\fastapi\middleware\asyncexitstack.py", line 18, in __call__
    |     await self.app(scope, receive, send)
    |   File "C:\Users\otavi.LUCILENERODRIGU\gado_leiteiro_api\venv\Lib\site-packages\starlette\routing.py", line 660, in __call__
    |     await self.middleware_stack(scope, receive, send)
    |   File "C:\Users\otavi.LUCILENERODRIGU\gado_leiteiro_api\venv\Lib\site-packages\starlette\routing.py", line 680, in app
    |     await route.handle(scope, receive, send)
    |   File "C:\Users\otavi.LUCILENERODRIGU\gado_leiteiro_api\venv\Lib\site-packages\starlette\routing.py", line 276, in handle
    |     await self.app(scope, receive, send)
    |   File "C:\Users\otavi.LUCILENERODRIGU\gado_leiteiro_api\venv\Lib\site-packages\fastapi\routing.py", line 134, in app
    |     await wrap_app_handling_exceptions(app, request)(scope, receive, send)
    |   File "C:\Users\otavi.LUCILENERODRIGU\gado_leiteiro_api\venv\Lib\site-packages\starlette\_exception_handler.py", line 53, in wrapped_app
    |     raise exc
    |   File "C:\Users\otavi.LUCILENERODRIGU\gado_leiteiro_api\venv\Lib\site-packages\starlette\_exception_handler.py", line 42, in wrapped_app
    |     await app(scope, receive, sender)
    |   File "C:\Users\otavi.LUCILENERODRIGU\gado_leiteiro_api\venv\Lib\site-packages\fastapi\routing.py", line 120, in app
    |     response = await f(request)
    |                ^^^^^^^^^^^^^^^^
    |   File "C:\Users\otavi.LUCILENERODRIGU\gado_leiteiro_api\venv\Lib\site-packages\fastapi\routing.py", line 674, in app
    |     raw_response = await run_endpoint_function(
    |                    ^^^^^^^^^^^^^^^^^^^^^^^^^^^^
    |     ...<3 lines>...
    |     )
    |     ^
    |   File "C:\Users\otavi.LUCILENERODRIGU\gado_leiteiro_api\venv\Lib\site-packages\fastapi\routing.py", line 330, in run_endpoint_function
    |     return await run_in_threadpool(dependant.call, **values)
    |            ^^^^^^^^^^^^^^^^^^^^^^^^^^^^^^^^^^^^^^^^^^^^^^^^^
    |   File "C:\Users\otavi.LUCILENERODRIGU\gado_leiteiro_api\venv\Lib\site-packages\starlette\concurrency.py", line 34, in run_in_threadpool
    |     return await anyio.to_thread.run_sync(func)
    |            ^^^^^^^^^^^^^^^^^^^^^^^^^^^^^^^^^^^^
    |   File "C:\Users\otavi.LUCILENERODRIGU\gado_leiteiro_api\venv\Lib\site-packages\anyio\to_thread.py", line 63, in run_sync
    |     return await get_async_backend().run_sync_in_worker_thread(
    |            ^^^^^^^^^^^^^^^^^^^^^^^^^^^^^^^^^^^^^^^^^^^^^^^^^^^^
    |         func, args, abandon_on_cancel=abandon_on_cancel, limiter=limiter
    |         ^^^^^^^^^^^^^^^^^^^^^^^^^^^^^^^^^^^^^^^^^^^^^^^^^^^^^^^^^^^^^^^^
    |     )
    |     ^
    |   File "C:\Users\otavi.LUCILENERODRIGU\gado_leiteiro_api\venv\Lib\site-packages\anyio\_backends\_asyncio.py", line 2518, in run_sync_in_worker_thread
    |     return await future
    |            ^^^^^^^^^^^^
    |   File "C:\Users\otavi.LUCILENERODRIGU\gado_leiteiro_api\venv\Lib\site-packages\anyio\_backends\_asyncio.py", line 1002, in run
    |     result = context.run(func, *args)
    |   File "C:\Users\otavi.LUCILENERODRIGU\gado_leiteiro_api\app\routers\usuarios.py", line 202, in renovar_token
    |     dados = RefreshTokenRequest(**request.json())
    | TypeError: app.routers.usuarios.renovar_token.<locals>.RefreshTokenRequest() argument after ** must be a mapping, not coroutine
    +------------------------------------

The above exception was the direct cause of the following exception:

Traceback (most recent call last):
  File "C:\Users\otavi.LUCILENERODRIGU\gado_leiteiro_api\venv\Lib\site-packages\starlette\middleware\errors.py", line 164, in __call__
    await self.app(scope, receive, _send)
  File "C:\Users\otavi.LUCILENERODRIGU\gado_leiteiro_api\venv\Lib\site-packages\starlette\middleware\base.py", line 193, in __call__
    response = await self.dispatch_func(request, call_next)
               ^^^^^^^^^^^^^^^^^^^^^^^^^^^^^^^^^^^^^^^^^^^^
  File "C:\Users\otavi.LUCILENERODRIGU\gado_leiteiro_api\app\main.py", line 101, in log_requisicoes
    raise exc
  File "C:\Users\otavi.LUCILENERODRIGU\gado_leiteiro_api\app\main.py", line 88, in log_requisicoes
    response = await call_next(request)
               ^^^^^^^^^^^^^^^^^^^^^^^^
  File "C:\Users\otavi.LUCILENERODRIGU\gado_leiteiro_api\venv\Lib\site-packages\starlette\middleware\base.py", line 168, in call_next
    raise app_exc from app_exc.__cause__ or app_exc.__context__
  File "C:\Users\otavi.LUCILENERODRIGU\gado_leiteiro_api\venv\Lib\site-packages\starlette\middleware\base.py", line 144, in coro
    await self.app(scope, receive_or_disconnect, send_no_error)
  File "C:\Users\otavi.LUCILENERODRIGU\gado_leiteiro_api\venv\Lib\site-packages\starlette\middleware\cors.py", line 96, in __call__
    await self.simple_response(scope, receive, send, request_headers=headers)
  File "C:\Users\otavi.LUCILENERODRIGU\gado_leiteiro_api\venv\Lib\site-packages\starlette\middleware\cors.py", line 154, in simple_response
    await self.app(scope, receive, send)
  File "C:\Users\otavi.LUCILENERODRIGU\gado_leiteiro_api\venv\Lib\site-packages\starlette\middleware\base.py", line 193, in __call__
    response = await self.dispatch_func(request, call_next)
               ^^^^^^^^^^^^^^^^^^^^^^^^^^^^^^^^^^^^^^^^^^^^
  File "C:\Users\otavi.LUCILENERODRIGU\gado_leiteiro_api\venv\Lib\site-packages\slowapi\middleware.py", line 136, in dispatch
    response = await call_next(request)
               ^^^^^^^^^^^^^^^^^^^^^^^^
  File "C:\Users\otavi.LUCILENERODRIGU\gado_leiteiro_api\venv\Lib\site-packages\starlette\middleware\base.py", line 168, in call_next
    raise app_exc from app_exc.__cause__ or app_exc.__context__
  File "C:\Users\otavi.LUCILENERODRIGU\gado_leiteiro_api\venv\Lib\site-packages\starlette\middleware\base.py", line 144, in coro
    await self.app(scope, receive_or_disconnect, send_no_error)
  File "C:\Users\otavi.LUCILENERODRIGU\gado_leiteiro_api\venv\Lib\site-packages\starlette\middleware\exceptions.py", line 63, in __call__
    await wrap_app_handling_exceptions(self.app, conn)(scope, receive, send)
  File "C:\Users\otavi.LUCILENERODRIGU\gado_leiteiro_api\venv\Lib\site-packages\starlette\_exception_handler.py", line 53, in wrapped_app
    raise exc
  File "C:\Users\otavi.LUCILENERODRIGU\gado_leiteiro_api\venv\Lib\site-packages\starlette\_exception_handler.py", line 42, in wrapped_app
    await app(scope, receive, sender)
  File "C:\Users\otavi.LUCILENERODRIGU\gado_leiteiro_api\venv\Lib\site-packages\fastapi\middleware\asyncexitstack.py", line 18, in __call__
    await self.app(scope, receive, send)
  File "C:\Users\otavi.LUCILENERODRIGU\gado_leiteiro_api\venv\Lib\site-packages\starlette\routing.py", line 660, in __call__
    await self.middleware_stack(scope, receive, send)
  File "C:\Users\otavi.LUCILENERODRIGU\gado_leiteiro_api\venv\Lib\site-packages\starlette\routing.py", line 680, in app
    await route.handle(scope, receive, send)
  File "C:\Users\otavi.LUCILENERODRIGU\gado_leiteiro_api\venv\Lib\site-packages\starlette\routing.py", line 276, in handle
    await self.app(scope, receive, send)
  File "C:\Users\otavi.LUCILENERODRIGU\gado_leiteiro_api\venv\Lib\site-packages\fastapi\routing.py", line 134, in app
    await wrap_app_handling_exceptions(app, request)(scope, receive, send)
  File "C:\Users\otavi.LUCILENERODRIGU\gado_leiteiro_api\venv\Lib\site-packages\starlette\_exception_handler.py", line 53, in wrapped_app
    raise exc
  File "C:\Users\otavi.LUCILENERODRIGU\gado_leiteiro_api\venv\Lib\site-packages\starlette\_exception_handler.py", line 42, in wrapped_app
    await app(scope, receive, sender)
  File "C:\Users\otavi.LUCILENERODRIGU\gado_leiteiro_api\venv\Lib\site-packages\fastapi\routing.py", line 120, in app
    response = await f(request)
               ^^^^^^^^^^^^^^^^
  File "C:\Users\otavi.LUCILENERODRIGU\gado_leiteiro_api\venv\Lib\site-packages\fastapi\routing.py", line 674, in app
    raw_response = await run_endpoint_function(
                   ^^^^^^^^^^^^^^^^^^^^^^^^^^^^
    ...<3 lines>...
    )
    ^
  File "C:\Users\otavi.LUCILENERODRIGU\gado_leiteiro_api\venv\Lib\site-packages\fastapi\routing.py", line 330, in run_endpoint_function
    return await run_in_threadpool(dependant.call, **values)
           ^^^^^^^^^^^^^^^^^^^^^^^^^^^^^^^^^^^^^^^^^^^^^^^^^
  File "C:\Users\otavi.LUCILENERODRIGU\gado_leiteiro_api\venv\Lib\site-packages\starlette\concurrency.py", line 34, in run_in_threadpool
    return await anyio.to_thread.run_sync(func)
           ^^^^^^^^^^^^^^^^^^^^^^^^^^^^^^^^^^^^
  File "C:\Users\otavi.LUCILENERODRIGU\gado_leiteiro_api\venv\Lib\site-packages\anyio\to_thread.py", line 63, in run_sync
    return await get_async_backend().run_sync_in_worker_thread(
           ^^^^^^^^^^^^^^^^^^^^^^^^^^^^^^^^^^^^^^^^^^^^^^^^^^^^
        func, args, abandon_on_cancel=abandon_on_cancel, limiter=limiter
        ^^^^^^^^^^^^^^^^^^^^^^^^^^^^^^^^^^^^^^^^^^^^^^^^^^^^^^^^^^^^^^^^
    )
    ^
  File "C:\Users\otavi.LUCILENERODRIGU\gado_leiteiro_api\venv\Lib\site-packages\anyio\_backends\_asyncio.py", line 2518, in run_sync_in_worker_thread
    return await future
           ^^^^^^^^^^^^
  File "C:\Users\otavi.LUCILENERODRIGU\gado_leiteiro_api\venv\Lib\site-packages\anyio\_backends\_asyncio.py", line 1002, in run
    result = context.run(func, *args)
  File "C:\Users\otavi.LUCILENERODRIGU\gado_leiteiro_api\app\routers\usuarios.py", line 202, in renovar_token
    dados = RefreshTokenRequest(**request.json())
TypeError: app.routers.usuarios.renovar_token.<locals>.RefreshTokenRequest() argument after ** must be a mapping, not coroutine
2026-06-20 12:19:46 | ERROR | app | ✗ POST /usuarios/refresh | Erro: TypeError | 637.63ms
2026-06-20 12:19:46 | CRITICAL | app | Erro inesperado | POST /usuarios/refresh | TypeError: app.routers.usuarios.renovar_token.<locals>.RefreshTokenRequest() argument after ** must be a mapping, not coroutine
  + Exception Group Traceback (most recent call last):
  |   File "C:\Users\otavi.LUCILENERODRIGU\gado_leiteiro_api\venv\Lib\site-packages\starlette\_utils.py", line 85, in create_collapsing_task_group
  |     async with anyio.create_task_group() as tg:
  |                ~~~~~~~~~~~~~~~~~~~~~~~^^
  |   File "C:\Users\otavi.LUCILENERODRIGU\gado_leiteiro_api\venv\Lib\site-packages\anyio\_backends\_asyncio.py", line 799, in __aexit__
  |     raise BaseExceptionGroup(
  |         "unhandled errors in a TaskGroup", self._exceptions
  |     ) from None
  | ExceptionGroup: unhandled errors in a TaskGroup (1 sub-exception)
  +-+---------------- 1 ----------------
    | Traceback (most recent call last):
    |   File "C:\Users\otavi.LUCILENERODRIGU\gado_leiteiro_api\venv\Lib\site-packages\starlette\middleware\errors.py", line 164, in __call__
    |     await self.app(scope, receive, _send)
    |   File "C:\Users\otavi.LUCILENERODRIGU\gado_leiteiro_api\venv\Lib\site-packages\starlette\middleware\base.py", line 193, in __call__
    |     response = await self.dispatch_func(request, call_next)
    |                ^^^^^^^^^^^^^^^^^^^^^^^^^^^^^^^^^^^^^^^^^^^^
    |   File "C:\Users\otavi.LUCILENERODRIGU\gado_leiteiro_api\app\main.py", line 101, in log_requisicoes
    |     raise exc
    |   File "C:\Users\otavi.LUCILENERODRIGU\gado_leiteiro_api\app\main.py", line 88, in log_requisicoes
    |     response = await call_next(request)
    |                ^^^^^^^^^^^^^^^^^^^^^^^^
    |   File "C:\Users\otavi.LUCILENERODRIGU\gado_leiteiro_api\venv\Lib\site-packages\starlette\middleware\base.py", line 168, in call_next
    |     raise app_exc from app_exc.__cause__ or app_exc.__context__
    |   File "C:\Users\otavi.LUCILENERODRIGU\gado_leiteiro_api\venv\Lib\site-packages\starlette\middleware\base.py", line 144, in coro
    |     await self.app(scope, receive_or_disconnect, send_no_error)
    |   File "C:\Users\otavi.LUCILENERODRIGU\gado_leiteiro_api\venv\Lib\site-packages\starlette\middleware\cors.py", line 96, in __call__
    |     await self.simple_response(scope, receive, send, request_headers=headers)
    |   File "C:\Users\otavi.LUCILENERODRIGU\gado_leiteiro_api\venv\Lib\site-packages\starlette\middleware\cors.py", line 154, in simple_response
    |     await self.app(scope, receive, send)
    |   File "C:\Users\otavi.LUCILENERODRIGU\gado_leiteiro_api\venv\Lib\site-packages\starlette\middleware\base.py", line 193, in __call__
    |     response = await self.dispatch_func(request, call_next)
    |                ^^^^^^^^^^^^^^^^^^^^^^^^^^^^^^^^^^^^^^^^^^^^
    |   File "C:\Users\otavi.LUCILENERODRIGU\gado_leiteiro_api\venv\Lib\site-packages\slowapi\middleware.py", line 136, in dispatch
    |     response = await call_next(request)
    |                ^^^^^^^^^^^^^^^^^^^^^^^^
    |   File "C:\Users\otavi.LUCILENERODRIGU\gado_leiteiro_api\venv\Lib\site-packages\starlette\middleware\base.py", line 168, in call_next
    |     raise app_exc from app_exc.__cause__ or app_exc.__context__
    |   File "C:\Users\otavi.LUCILENERODRIGU\gado_leiteiro_api\venv\Lib\site-packages\starlette\middleware\base.py", line 144, in coro
    |     await self.app(scope, receive_or_disconnect, send_no_error)
    |   File "C:\Users\otavi.LUCILENERODRIGU\gado_leiteiro_api\venv\Lib\site-packages\starlette\middleware\exceptions.py", line 63, in __call__
    |     await wrap_app_handling_exceptions(self.app, conn)(scope, receive, send)
    |   File "C:\Users\otavi.LUCILENERODRIGU\gado_leiteiro_api\venv\Lib\site-packages\starlette\_exception_handler.py", line 53, in wrapped_app
    |     raise exc
    |   File "C:\Users\otavi.LUCILENERODRIGU\gado_leiteiro_api\venv\Lib\site-packages\starlette\_exception_handler.py", line 42, in wrapped_app
    |     await app(scope, receive, sender)
    |   File "C:\Users\otavi.LUCILENERODRIGU\gado_leiteiro_api\venv\Lib\site-packages\fastapi\middleware\asyncexitstack.py", line 18, in __call__
    |     await self.app(scope, receive, send)
    |   File "C:\Users\otavi.LUCILENERODRIGU\gado_leiteiro_api\venv\Lib\site-packages\starlette\routing.py", line 660, in __call__
    |     await self.middleware_stack(scope, receive, send)
    |   File "C:\Users\otavi.LUCILENERODRIGU\gado_leiteiro_api\venv\Lib\site-packages\starlette\routing.py", line 680, in app
    |     await route.handle(scope, receive, send)
    |   File "C:\Users\otavi.LUCILENERODRIGU\gado_leiteiro_api\venv\Lib\site-packages\starlette\routing.py", line 276, in handle
    |     await self.app(scope, receive, send)
    |   File "C:\Users\otavi.LUCILENERODRIGU\gado_leiteiro_api\venv\Lib\site-packages\fastapi\routing.py", line 134, in app
    |     await wrap_app_handling_exceptions(app, request)(scope, receive, send)
    |   File "C:\Users\otavi.LUCILENERODRIGU\gado_leiteiro_api\venv\Lib\site-packages\starlette\_exception_handler.py", line 53, in wrapped_app
    |     raise exc
    |   File "C:\Users\otavi.LUCILENERODRIGU\gado_leiteiro_api\venv\Lib\site-packages\starlette\_exception_handler.py", line 42, in wrapped_app
    |     await app(scope, receive, sender)
    |   File "C:\Users\otavi.LUCILENERODRIGU\gado_leiteiro_api\venv\Lib\site-packages\fastapi\routing.py", line 120, in app
    |     response = await f(request)
    |                ^^^^^^^^^^^^^^^^
    |   File "C:\Users\otavi.LUCILENERODRIGU\gado_leiteiro_api\venv\Lib\site-packages\fastapi\routing.py", line 674, in app
    |     raw_response = await run_endpoint_function(
    |                    ^^^^^^^^^^^^^^^^^^^^^^^^^^^^
    |     ...<3 lines>...
    |     )
    |     ^
    |   File "C:\Users\otavi.LUCILENERODRIGU\gado_leiteiro_api\venv\Lib\site-packages\fastapi\routing.py", line 330, in run_endpoint_function
    |     return await run_in_threadpool(dependant.call, **values)
    |            ^^^^^^^^^^^^^^^^^^^^^^^^^^^^^^^^^^^^^^^^^^^^^^^^^
    |   File "C:\Users\otavi.LUCILENERODRIGU\gado_leiteiro_api\venv\Lib\site-packages\starlette\concurrency.py", line 34, in run_in_threadpool
    |     return await anyio.to_thread.run_sync(func)
    |            ^^^^^^^^^^^^^^^^^^^^^^^^^^^^^^^^^^^^
    |   File "C:\Users\otavi.LUCILENERODRIGU\gado_leiteiro_api\venv\Lib\site-packages\anyio\to_thread.py", line 63, in run_sync
    |     return await get_async_backend().run_sync_in_worker_thread(
    |            ^^^^^^^^^^^^^^^^^^^^^^^^^^^^^^^^^^^^^^^^^^^^^^^^^^^^
    |         func, args, abandon_on_cancel=abandon_on_cancel, limiter=limiter
    |         ^^^^^^^^^^^^^^^^^^^^^^^^^^^^^^^^^^^^^^^^^^^^^^^^^^^^^^^^^^^^^^^^
    |     )
    |     ^
    |   File "C:\Users\otavi.LUCILENERODRIGU\gado_leiteiro_api\venv\Lib\site-packages\anyio\_backends\_asyncio.py", line 2518, in run_sync_in_worker_thread
    |     return await future
    |            ^^^^^^^^^^^^
    |   File "C:\Users\otavi.LUCILENERODRIGU\gado_leiteiro_api\venv\Lib\site-packages\anyio\_backends\_asyncio.py", line 1002, in run
    |     result = context.run(func, *args)
    |   File "C:\Users\otavi.LUCILENERODRIGU\gado_leiteiro_api\app\routers\usuarios.py", line 202, in renovar_token
    |     dados = RefreshTokenRequest(**request.json())
    | TypeError: app.routers.usuarios.renovar_token.<locals>.RefreshTokenRequest() argument after ** must be a mapping, not coroutine
    +------------------------------------

The above exception was the direct cause of the following exception:

Traceback (most recent call last):
  File "C:\Users\otavi.LUCILENERODRIGU\gado_leiteiro_api\venv\Lib\site-packages\starlette\middleware\errors.py", line 164, in __call__
    await self.app(scope, receive, _send)
  File "C:\Users\otavi.LUCILENERODRIGU\gado_leiteiro_api\venv\Lib\site-packages\starlette\middleware\base.py", line 193, in __call__
    response = await self.dispatch_func(request, call_next)
               ^^^^^^^^^^^^^^^^^^^^^^^^^^^^^^^^^^^^^^^^^^^^
  File "C:\Users\otavi.LUCILENERODRIGU\gado_leiteiro_api\app\main.py", line 101, in log_requisicoes
    raise exc
  File "C:\Users\otavi.LUCILENERODRIGU\gado_leiteiro_api\app\main.py", line 88, in log_requisicoes
    response = await call_next(request)
               ^^^^^^^^^^^^^^^^^^^^^^^^
  File "C:\Users\otavi.LUCILENERODRIGU\gado_leiteiro_api\venv\Lib\site-packages\starlette\middleware\base.py", line 168, in call_next
    raise app_exc from app_exc.__cause__ or app_exc.__context__
  File "C:\Users\otavi.LUCILENERODRIGU\gado_leiteiro_api\venv\Lib\site-packages\starlette\middleware\base.py", line 144, in coro
    await self.app(scope, receive_or_disconnect, send_no_error)
  File "C:\Users\otavi.LUCILENERODRIGU\gado_leiteiro_api\venv\Lib\site-packages\starlette\middleware\cors.py", line 96, in __call__
    await self.simple_response(scope, receive, send, request_headers=headers)
  File "C:\Users\otavi.LUCILENERODRIGU\gado_leiteiro_api\venv\Lib\site-packages\starlette\middleware\cors.py", line 154, in simple_response
    await self.app(scope, receive, send)
  File "C:\Users\otavi.LUCILENERODRIGU\gado_leiteiro_api\venv\Lib\site-packages\starlette\middleware\base.py", line 193, in __call__
    response = await self.dispatch_func(request, call_next)
               ^^^^^^^^^^^^^^^^^^^^^^^^^^^^^^^^^^^^^^^^^^^^
  File "C:\Users\otavi.LUCILENERODRIGU\gado_leiteiro_api\venv\Lib\site-packages\slowapi\middleware.py", line 136, in dispatch
    response = await call_next(request)
               ^^^^^^^^^^^^^^^^^^^^^^^^
  File "C:\Users\otavi.LUCILENERODRIGU\gado_leiteiro_api\venv\Lib\site-packages\starlette\middleware\base.py", line 168, in call_next
    raise app_exc from app_exc.__cause__ or app_exc.__context__
  File "C:\Users\otavi.LUCILENERODRIGU\gado_leiteiro_api\venv\Lib\site-packages\starlette\middleware\base.py", line 144, in coro
    await self.app(scope, receive_or_disconnect, send_no_error)
  File "C:\Users\otavi.LUCILENERODRIGU\gado_leiteiro_api\venv\Lib\site-packages\starlette\middleware\exceptions.py", line 63, in __call__
    await wrap_app_handling_exceptions(self.app, conn)(scope, receive, send)
  File "C:\Users\otavi.LUCILENERODRIGU\gado_leiteiro_api\venv\Lib\site-packages\starlette\_exception_handler.py", line 53, in wrapped_app
    raise exc
  File "C:\Users\otavi.LUCILENERODRIGU\gado_leiteiro_api\venv\Lib\site-packages\starlette\_exception_handler.py", line 42, in wrapped_app
    await app(scope, receive, sender)
  File "C:\Users\otavi.LUCILENERODRIGU\gado_leiteiro_api\venv\Lib\site-packages\fastapi\middleware\asyncexitstack.py", line 18, in __call__
    await self.app(scope, receive, send)
  File "C:\Users\otavi.LUCILENERODRIGU\gado_leiteiro_api\venv\Lib\site-packages\starlette\routing.py", line 660, in __call__
    await self.middleware_stack(scope, receive, send)
  File "C:\Users\otavi.LUCILENERODRIGU\gado_leiteiro_api\venv\Lib\site-packages\starlette\routing.py", line 680, in app
    await route.handle(scope, receive, send)
  File "C:\Users\otavi.LUCILENERODRIGU\gado_leiteiro_api\venv\Lib\site-packages\starlette\routing.py", line 276, in handle
    await self.app(scope, receive, send)
  File "C:\Users\otavi.LUCILENERODRIGU\gado_leiteiro_api\venv\Lib\site-packages\fastapi\routing.py", line 134, in app
    await wrap_app_handling_exceptions(app, request)(scope, receive, send)
  File "C:\Users\otavi.LUCILENERODRIGU\gado_leiteiro_api\venv\Lib\site-packages\starlette\_exception_handler.py", line 53, in wrapped_app
    raise exc
  File "C:\Users\otavi.LUCILENERODRIGU\gado_leiteiro_api\venv\Lib\site-packages\starlette\_exception_handler.py", line 42, in wrapped_app
    await app(scope, receive, sender)
  File "C:\Users\otavi.LUCILENERODRIGU\gado_leiteiro_api\venv\Lib\site-packages\fastapi\routing.py", line 120, in app
    response = await f(request)
               ^^^^^^^^^^^^^^^^
  File "C:\Users\otavi.LUCILENERODRIGU\gado_leiteiro_api\venv\Lib\site-packages\fastapi\routing.py", line 674, in app
    raw_response = await run_endpoint_function(
                   ^^^^^^^^^^^^^^^^^^^^^^^^^^^^
    ...<3 lines>...
    )
    ^
  File "C:\Users\otavi.LUCILENERODRIGU\gado_leiteiro_api\venv\Lib\site-packages\fastapi\routing.py", line 330, in run_endpoint_function
    return await run_in_threadpool(dependant.call, **values)
           ^^^^^^^^^^^^^^^^^^^^^^^^^^^^^^^^^^^^^^^^^^^^^^^^^
  File "C:\Users\otavi.LUCILENERODRIGU\gado_leiteiro_api\venv\Lib\site-packages\starlette\concurrency.py", line 34, in run_in_threadpool
    return await anyio.to_thread.run_sync(func)
           ^^^^^^^^^^^^^^^^^^^^^^^^^^^^^^^^^^^^
  File "C:\Users\otavi.LUCILENERODRIGU\gado_leiteiro_api\venv\Lib\site-packages\anyio\to_thread.py", line 63, in run_sync
    return await get_async_backend().run_sync_in_worker_thread(
           ^^^^^^^^^^^^^^^^^^^^^^^^^^^^^^^^^^^^^^^^^^^^^^^^^^^^
        func, args, abandon_on_cancel=abandon_on_cancel, limiter=limiter
        ^^^^^^^^^^^^^^^^^^^^^^^^^^^^^^^^^^^^^^^^^^^^^^^^^^^^^^^^^^^^^^^^
    )
    ^
  File "C:\Users\otavi.LUCILENERODRIGU\gado_leiteiro_api\venv\Lib\site-packages\anyio\_backends\_asyncio.py", line 2518, in run_sync_in_worker_thread
    return await future
           ^^^^^^^^^^^^
  File "C:\Users\otavi.LUCILENERODRIGU\gado_leiteiro_api\venv\Lib\site-packages\anyio\_backends\_asyncio.py", line 1002, in run
    result = context.run(func, *args)
  File "C:\Users\otavi.LUCILENERODRIGU\gado_leiteiro_api\app\routers\usuarios.py", line 202, in renovar_token
    dados = RefreshTokenRequest(**request.json())
TypeError: app.routers.usuarios.renovar_token.<locals>.RefreshTokenRequest() argument after ** must be a mapping, not coroutine
2026-06-20 12:19:52 | INFO | app | → OPTIONS /usuarios/login
2026-06-20 12:19:52 | INFO | app | ← OPTIONS /usuarios/login | Status: 200 | 1.46ms
2026-06-20 12:19:52 | INFO | app | → POST /usuarios/login
2026-06-20 12:19:54 | INFO | usuarios | Login realizado | email: otaviolisboa19@gmail.com
2026-06-20 12:19:54 | INFO | app | ← POST /usuarios/login | Status: 200 | 1464.13ms
2026-06-20 12:19:54 | INFO | app | → GET /usuarios/perfil
2026-06-20 12:19:54 | INFO | app | ← GET /usuarios/perfil | Status: 200 | 32.12ms
2026-06-20 12:19:54 | INFO | app | → OPTIONS /dashboard/resumo
2026-06-20 12:19:54 | INFO | app | ← OPTIONS /dashboard/resumo | Status: 200 | 2.22ms
2026-06-20 12:19:54 | INFO | app | → OPTIONS /dashboard/alertas
2026-06-20 12:19:54 | INFO | app | → GET /dashboard/resumo
2026-06-20 12:19:54 | INFO | app | ← OPTIONS /dashboard/alertas | Status: 200 | 6.23ms
2026-06-20 12:19:54 | INFO | app | → GET /dashboard/alertas
2026-06-20 12:19:54 | INFO | dashboard | Alertas consultados | usuário: 4
2026-06-20 12:19:54 | INFO | app | ← GET /dashboard/alertas | Status: 200 | 317.27ms
2026-06-20 12:19:54 | INFO | dashboard | Resumo consultado | usuário: 4
2026-06-20 12:19:54 | INFO | app | ← GET /dashboard/resumo | Status: 200 | 343.26ms
2026-06-20 12:20:47 | INFO | app | → OPTIONS /medicamentos/
2026-06-20 12:20:47 | INFO | app | ← OPTIONS /medicamentos/ | Status: 200 | 2.4ms
2026-06-20 12:20:47 | INFO | app | → OPTIONS /animais/ativos
2026-06-20 12:20:47 | INFO | app | → GET /medicamentos/
2026-06-20 12:20:47 | INFO | app | ← OPTIONS /animais/ativos | Status: 200 | 4.94ms
2026-06-20 12:20:47 | INFO | app | → GET /animais/ativos
2026-06-20 12:20:47 | INFO | app | ← GET /medicamentos/ | Status: 200 | 62.69ms
2026-06-20 12:20:47 | INFO | app | ← GET /animais/ativos | Status: 200 | 66.18ms
2026-06-20 12:24:45 | INFO | app | → GET /usuarios/perfil
2026-06-20 12:24:45 | INFO | app | ← GET /usuarios/perfil | Status: 200 | 68.03ms
2026-06-20 12:24:45 | INFO | app | → GET /usuarios/perfil
2026-06-20 12:24:45 | INFO | app | ← GET /usuarios/perfil | Status: 200 | 50.9ms
2026-06-20 12:24:45 | INFO | app | → GET /medicamentos/
2026-06-20 12:24:45 | INFO | app | → GET /animais/ativos
2026-06-20 12:24:45 | INFO | app | ← GET /medicamentos/ | Status: 200 | 93.95ms
2026-06-20 12:24:45 | INFO | app | ← GET /animais/ativos | Status: 200 | 97.13ms
2026-06-20 12:26:12 | INFO | app | → POST /medicamentos/
2026-06-20 12:26:12 | INFO | medicamentos | Medicamento criado | Madicamento | usuário: 4
2026-06-20 12:26:12 | INFO | app | ← POST /medicamentos/ | Status: 200 | 99.23ms
2026-06-20 12:26:12 | INFO | app | → GET /medicamentos/
2026-06-20 12:26:12 | INFO | app | → GET /animais/ativos
2026-06-20 12:26:12 | INFO | app | ← GET /medicamentos/ | Status: 200 | 41.78ms
2026-06-20 12:26:12 | INFO | app | ← GET /animais/ativos | Status: 200 | 46.25ms
2026-06-20 12:26:29 | INFO | app | → OPTIONS /medicamentos/1
2026-06-20 12:26:29 | INFO | app | ← OPTIONS /medicamentos/1 | Status: 200 | 2.01ms
2026-06-20 12:26:29 | INFO | app | → DELETE /medicamentos/1
2026-06-20 12:26:29 | INFO | medicamentos | Medicamento deletado | id: 1 | usuário: 4
2026-06-20 12:26:29 | INFO | app | ← DELETE /medicamentos/1 | Status: 200 | 89.45ms
2026-06-20 12:26:29 | INFO | app | → GET /medicamentos/
2026-06-20 12:26:29 | INFO | app | → GET /animais/ativos
2026-06-20 12:26:29 | INFO | app | ← GET /medicamentos/ | Status: 200 | 39.59ms
2026-06-20 12:26:29 | INFO | app | ← GET /animais/ativos | Status: 200 | 51.06ms
2026-06-20 12:28:01 | INFO | app | → POST /medicamentos/
2026-06-20 12:28:01 | INFO | medicamentos | Medicamento criado | Medicamento | usuário: 4
2026-06-20 12:28:01 | INFO | app | ← POST /medicamentos/ | Status: 200 | 46.27ms
2026-06-20 12:28:01 | INFO | app | → GET /medicamentos/
2026-06-20 12:28:01 | INFO | app | → GET /animais/ativos
2026-06-20 12:28:01 | INFO | app | ← GET /medicamentos/ | Status: 200 | 39.59ms
2026-06-20 12:28:01 | INFO | app | ← GET /animais/ativos | Status: 200 | 52.77ms
2026-06-20 12:28:12 | INFO | app | → OPTIONS /medicamentos/2
2026-06-20 12:28:12 | INFO | app | ← OPTIONS /medicamentos/2 | Status: 200 | 1.86ms
2026-06-20 12:28:12 | INFO | app | → DELETE /medicamentos/2
2026-06-20 12:28:12 | INFO | medicamentos | Medicamento deletado | id: 2 | usuário: 4
2026-06-20 12:28:12 | INFO | app | ← DELETE /medicamentos/2 | Status: 200 | 50.95ms
2026-06-20 12:28:12 | INFO | app | → GET /medicamentos/
2026-06-20 12:28:12 | INFO | app | → GET /animais/ativos
2026-06-20 12:28:12 | INFO | app | ← GET /medicamentos/ | Status: 200 | 38.34ms
2026-06-20 12:28:12 | INFO | app | ← GET /animais/ativos | Status: 200 | 45.27ms
2026-06-20 12:28:42 | INFO | app | → POST /medicamentos/
2026-06-20 12:28:42 | INFO | medicamentos | Medicamento criado | Medicamento | usuário: 4
2026-06-20 12:28:42 | INFO | app | ← POST /medicamentos/ | Status: 200 | 48.16ms
2026-06-20 12:28:42 | INFO | app | → GET /medicamentos/
2026-06-20 12:28:42 | INFO | app | → GET /animais/ativos
2026-06-20 12:28:42 | INFO | app | ← GET /medicamentos/ | Status: 200 | 43.53ms
2026-06-20 12:28:42 | INFO | app | ← GET /animais/ativos | Status: 200 | 49.91ms
2026-06-20 12:29:17 | INFO | app | → OPTIONS /medicamentos/3
2026-06-20 12:29:17 | INFO | app | ← OPTIONS /medicamentos/3 | Status: 200 | 1.5ms
2026-06-20 12:29:17 | INFO | app | → PUT /medicamentos/3
2026-06-20 12:29:17 | INFO | medicamentos | Medicamento atualizado | id: 3 | usuário: 4
2026-06-20 12:29:17 | INFO | app | ← PUT /medicamentos/3 | Status: 200 | 63.16ms
2026-06-20 12:29:17 | INFO | app | → GET /medicamentos/
2026-06-20 12:29:17 | INFO | app | → GET /animais/ativos
2026-06-20 12:29:17 | INFO | app | ← GET /animais/ativos | Status: 200 | 39.47ms
2026-06-20 12:29:17 | INFO | app | ← GET /medicamentos/ | Status: 200 | 50.4ms
2026-06-20 12:29:31 | INFO | app | → OPTIONS /medicamentos/alertas-estoque
2026-06-20 12:29:31 | INFO | app | ← OPTIONS /medicamentos/alertas-estoque | Status: 200 | 1.71ms
2026-06-20 12:29:31 | INFO | app | → GET /medicamentos/alertas-estoque
2026-06-20 12:29:32 | INFO | app | ← GET /medicamentos/alertas-estoque | Status: 200 | 24.44ms
2026-06-20 12:29:32 | INFO | app | → OPTIONS /medicamentos/aplicacoes/todas
2026-06-20 12:29:32 | INFO | app | ← OPTIONS /medicamentos/aplicacoes/todas | Status: 200 | 1.63ms
2026-06-20 12:29:32 | INFO | app | → GET /medicamentos/aplicacoes/todas
2026-06-20 12:29:32 | INFO | app | ← GET /medicamentos/aplicacoes/todas | Status: 200 | 26.44ms
2026-06-20 12:29:33 | INFO | app | → OPTIONS /medicamentos/aplicacoes/em-carencia
2026-06-20 12:29:33 | INFO | app | ← OPTIONS /medicamentos/aplicacoes/em-carencia | Status: 200 | 1.64ms
2026-06-20 12:29:33 | INFO | app | → GET /medicamentos/aplicacoes/em-carencia
2026-06-20 12:29:33 | INFO | app | ← GET /medicamentos/aplicacoes/em-carencia | Status: 200 | 22.37ms
2026-06-20 12:32:28 | INFO | app | → OPTIONS /medicamentos/
2026-06-20 12:32:28 | INFO | app | ← OPTIONS /medicamentos/ | Status: 200 | 1.57ms
2026-06-20 12:32:28 | INFO | app | → POST /medicamentos/
2026-06-20 12:32:28 | INFO | medicamentos | Medicamento criado | Terramicina LA | usuário: 4
2026-06-20 12:32:28 | INFO | app | ← POST /medicamentos/ | Status: 200 | 46.57ms
2026-06-20 12:32:28 | INFO | app | → OPTIONS /animais/ativos
2026-06-20 12:32:28 | INFO | app | ← OPTIONS /animais/ativos | Status: 200 | 3.5ms
2026-06-20 12:32:28 | INFO | app | → GET /medicamentos/
2026-06-20 12:32:28 | INFO | app | → GET /animais/ativos
2026-06-20 12:32:29 | INFO | app | ← GET /medicamentos/ | Status: 200 | 51.13ms
2026-06-20 12:32:29 | INFO | app | ← GET /animais/ativos | Status: 200 | 54.67ms
2026-06-20 12:32:32 | INFO | app | → DELETE /medicamentos/3
2026-06-20 12:32:32 | INFO | medicamentos | Medicamento deletado | id: 3 | usuário: 4
2026-06-20 12:32:32 | INFO | app | ← DELETE /medicamentos/3 | Status: 200 | 50.33ms
2026-06-20 12:32:32 | INFO | app | → GET /medicamentos/
2026-06-20 12:32:32 | INFO | app | → GET /animais/ativos
2026-06-20 12:32:32 | INFO | app | ← GET /medicamentos/ | Status: 200 | 33.09ms
2026-06-20 12:32:32 | INFO | app | ← GET /animais/ativos | Status: 200 | 46.19ms
2026-06-20 12:33:30 | INFO | app | → OPTIONS /medicamentos/aplicacoes/
2026-06-20 12:33:30 | INFO | app | ← OPTIONS /medicamentos/aplicacoes/ | Status: 200 | 1.79ms
2026-06-20 12:33:30 | INFO | app | → POST /medicamentos/aplicacoes/
2026-06-20 12:33:30 | INFO | medicamentos | Aplicação registrada | animal: 5 | medicamento: 4 | usuário: 4
2026-06-20 12:33:30 | INFO | app | ← POST /medicamentos/aplicacoes/ | Status: 200 | 121.86ms
2026-06-20 12:33:30 | INFO | app | → GET /medicamentos/
2026-06-20 12:33:30 | INFO | app | → GET /animais/ativos
2026-06-20 12:33:30 | INFO | app | ← GET /medicamentos/ | Status: 200 | 49.86ms
2026-06-20 12:33:30 | INFO | app | → GET /medicamentos/
2026-06-20 12:33:30 | INFO | app | ← GET /animais/ativos | Status: 200 | 58.6ms
2026-06-20 12:33:30 | INFO | app | → GET /animais/ativos
2026-06-20 12:33:30 | INFO | app | ← GET /medicamentos/ | Status: 200 | 44.83ms
2026-06-20 12:33:31 | INFO | app | → GET /medicamentos/
2026-06-20 12:33:31 | INFO | app | ← GET /animais/ativos | Status: 200 | 49.03ms
2026-06-20 12:33:31 | INFO | app | → GET /animais/ativos
2026-06-20 12:33:31 | INFO | app | ← GET /medicamentos/ | Status: 200 | 48.54ms
2026-06-20 12:33:31 | INFO | app | ← GET /animais/ativos | Status: 200 | 40.49ms
2026-06-20 12:33:36 | INFO | app | → GET /medicamentos/aplicacoes/todas
2026-06-20 12:33:36 | INFO | app | ← GET /medicamentos/aplicacoes/todas | Status: 200 | 31.38ms
2026-06-20 12:33:53 | INFO | app | → OPTIONS /medicamentos/4
2026-06-20 12:33:53 | INFO | app | ← OPTIONS /medicamentos/4 | Status: 200 | 1.79ms
2026-06-20 12:33:53 | INFO | app | → DELETE /medicamentos/4
2026-06-20 12:33:53 | INFO | app | ← DELETE /medicamentos/4 | Status: 400 | 38.94ms
2026-06-20 12:33:58 | INFO | app | → DELETE /medicamentos/4
2026-06-20 12:33:58 | INFO | app | ← DELETE /medicamentos/4 | Status: 400 | 22.12ms
2026-06-20 12:34:01 | INFO | app | → DELETE /medicamentos/4
2026-06-20 12:34:01 | INFO | app | ← DELETE /medicamentos/4 | Status: 400 | 25.21ms
2026-06-20 12:34:05 | INFO | app | → DELETE /medicamentos/4
2026-06-20 12:34:05 | INFO | app | ← DELETE /medicamentos/4 | Status: 400 | 22.39ms
2026-06-20 12:34:56 | INFO | app | → DELETE /medicamentos/4
2026-06-20 12:34:56 | INFO | app | ← DELETE /medicamentos/4 | Status: 400 | 27.93ms
2026-06-20 12:34:59 | INFO | app | → GET /medicamentos/alertas-estoque
2026-06-20 12:34:59 | INFO | app | ← GET /medicamentos/alertas-estoque | Status: 200 | 16.97ms
2026-06-20 12:35:27 | INFO | app | → POST /medicamentos/aplicacoes/
2026-06-20 12:35:27 | INFO | app | ← POST /medicamentos/aplicacoes/ | Status: 400 | 31.12ms
2026-06-20 12:35:32 | INFO | app | → POST /medicamentos/aplicacoes/
2026-06-20 12:35:32 | INFO | app | ← POST /medicamentos/aplicacoes/ | Status: 400 | 21.28ms
2026-06-20 12:36:03 | INFO | app | → OPTIONS /medicamentos/aplicacoes/1
2026-06-20 12:36:03 | INFO | app | ← OPTIONS /medicamentos/aplicacoes/1 | Status: 200 | 2.78ms
2026-06-20 12:36:03 | INFO | app | → DELETE /medicamentos/aplicacoes/1
2026-06-20 12:36:03 | INFO | medicamentos | Aplicação deletada | id: 1 | usuário: 4
2026-06-20 12:36:03 | INFO | app | ← DELETE /medicamentos/aplicacoes/1 | Status: 200 | 66.23ms
2026-06-20 12:36:03 | INFO | app | → GET /medicamentos/aplicacoes/todas
2026-06-20 12:36:03 | INFO | app | → GET /animais/ativos
2026-06-20 12:36:03 | INFO | app | ← GET /medicamentos/aplicacoes/todas | Status: 200 | 46.62ms
2026-06-20 12:36:03 | INFO | app | → GET /medicamentos/aplicacoes/todas
2026-06-20 12:36:03 | INFO | app | ← GET /animais/ativos | Status: 200 | 56.41ms
2026-06-20 12:36:03 | INFO | app | → GET /animais/ativos
2026-06-20 12:36:03 | INFO | app | ← GET /medicamentos/aplicacoes/todas | Status: 200 | 57.13ms
2026-06-20 12:36:03 | INFO | app | ← GET /animais/ativos | Status: 200 | 51.04ms
2026-06-20 12:36:27 | INFO | app | → POST /medicamentos/aplicacoes/
2026-06-20 12:36:27 | INFO | medicamentos | Aplicação registrada | animal: 5 | medicamento: 4 | usuário: 4
2026-06-20 12:36:27 | INFO | app | ← POST /medicamentos/aplicacoes/ | Status: 200 | 67.13ms
2026-06-20 12:36:27 | INFO | app | → GET /medicamentos/aplicacoes/todas
2026-06-20 12:36:27 | INFO | app | → GET /animais/ativos
2026-06-20 12:36:27 | INFO | app | ← GET /animais/ativos | Status: 200 | 37.65ms
2026-06-20 12:36:27 | INFO | app | → GET /animais/ativos
2026-06-20 12:36:27 | INFO | app | ← GET /medicamentos/aplicacoes/todas | Status: 200 | 75.53ms
2026-06-20 12:36:27 | INFO | app | → GET /medicamentos/aplicacoes/todas
2026-06-20 12:36:27 | INFO | app | ← GET /animais/ativos | Status: 200 | 57.35ms
2026-06-20 12:36:27 | INFO | app | → GET /animais/ativos
2026-06-20 12:36:27 | INFO | app | ← GET /medicamentos/aplicacoes/todas | Status: 200 | 77.0ms
2026-06-20 12:36:27 | INFO | app | → GET /medicamentos/aplicacoes/todas
2026-06-20 12:36:27 | INFO | app | ← GET /animais/ativos | Status: 200 | 50.47ms
2026-06-20 12:36:27 | INFO | app | ← GET /medicamentos/aplicacoes/todas | Status: 200 | 50.37ms
2026-06-20 12:42:02 | INFO | app | → OPTIONS /medicamentos/aplicacoes/todas
2026-06-20 12:42:02 | INFO | app | ← OPTIONS /medicamentos/aplicacoes/todas | Status: 200 | 6.33ms
2026-06-20 12:42:02 | INFO | app | → GET /animais/ativos
2026-06-20 12:42:02 | INFO | app | → GET /medicamentos/aplicacoes/todas
2026-06-20 12:42:03 | INFO | app | ← GET /animais/ativos | Status: 200 | 49.96ms
2026-06-20 12:42:03 | INFO | app | ← GET /medicamentos/aplicacoes/todas | Status: 200 | 64.25ms
2026-06-20 12:43:55 | INFO | app | → OPTIONS /usuarios/perfil
2026-06-20 12:43:55 | INFO | app | ← OPTIONS /usuarios/perfil | Status: 200 | 5.16ms
2026-06-20 12:43:55 | INFO | app | → OPTIONS /usuarios/perfil
2026-06-20 12:43:55 | INFO | app | ← OPTIONS /usuarios/perfil | Status: 200 | 5.93ms
2026-06-20 12:43:55 | INFO | app | → GET /usuarios/perfil
2026-06-20 12:43:55 | INFO | app | ← GET /usuarios/perfil | Status: 200 | 28.97ms
2026-06-20 12:43:55 | INFO | app | → GET /usuarios/perfil
2026-06-20 12:43:55 | INFO | app | ← GET /usuarios/perfil | Status: 200 | 29.9ms
2026-06-20 12:43:55 | INFO | app | → OPTIONS /medicamentos/
2026-06-20 12:43:55 | INFO | app | → OPTIONS /animais/ativos
2026-06-20 12:43:55 | INFO | app | ← OPTIONS /medicamentos/ | Status: 200 | 15.07ms
2026-06-20 12:43:55 | INFO | app | ← OPTIONS /animais/ativos | Status: 200 | 7.77ms
2026-06-20 12:43:55 | INFO | app | → GET /medicamentos/
2026-06-20 12:43:55 | INFO | app | → GET /animais/ativos
2026-06-20 12:43:55 | INFO | app | ← GET /medicamentos/ | Status: 200 | 46.87ms
2026-06-20 12:43:55 | INFO | app | ← GET /animais/ativos | Status: 200 | 53.61ms
2026-06-20 12:44:28 | INFO | app | → OPTIONS /vacinas/
2026-06-20 12:44:28 | INFO | app | ← OPTIONS /vacinas/ | Status: 200 | 4.42ms
2026-06-20 12:44:28 | INFO | app | → GET /vacinas/
2026-06-20 12:44:29 | INFO | app | ← GET /vacinas/ | Status: 200 | 129.05ms
2026-06-20 12:47:15 | INFO | app | → OPTIONS /animais/
2026-06-20 12:47:15 | INFO | app | ← OPTIONS /animais/ | Status: 200 | 4.26ms
2026-06-20 12:47:15 | INFO | app | → GET /animais/
2026-06-20 12:47:15 | INFO | app | ← GET /animais/ | Status: 200 | 72.89ms
2026-06-20 12:54:02 | INFO | app | → GET /animais/
2026-06-20 12:54:02 | INFO | app | ← GET /animais/ | Status: 401 | 26.23ms
2026-06-20 12:54:02 | INFO | app | → OPTIONS /usuarios/refresh
2026-06-20 12:54:02 | INFO | app | ← OPTIONS /usuarios/refresh | Status: 200 | 20.6ms
2026-06-20 12:54:02 | INFO | app | → POST /usuarios/refresh
2026-06-20 12:54:03 | ERROR | app | ✗ POST /usuarios/refresh | Erro: TypeError | 300.04ms
2026-06-20 12:54:03 | CRITICAL | app | Erro inesperado | POST /usuarios/refresh | TypeError: app.routers.usuarios.renovar_token.<locals>.RefreshTokenRequest() argument after ** must be a mapping, not coroutine
  + Exception Group Traceback (most recent call last):
  |   File "C:\Users\otavi.LUCILENERODRIGU\gado_leiteiro_api\venv\Lib\site-packages\starlette\_utils.py", line 85, in create_collapsing_task_group
  |     async with anyio.create_task_group() as tg:
  |                ~~~~~~~~~~~~~~~~~~~~~~~^^
  |   File "C:\Users\otavi.LUCILENERODRIGU\gado_leiteiro_api\venv\Lib\site-packages\anyio\_backends\_asyncio.py", line 799, in __aexit__
  |     raise BaseExceptionGroup(
  |         "unhandled errors in a TaskGroup", self._exceptions
  |     ) from None
  | ExceptionGroup: unhandled errors in a TaskGroup (1 sub-exception)
  +-+---------------- 1 ----------------
    | Traceback (most recent call last):
    |   File "C:\Users\otavi.LUCILENERODRIGU\gado_leiteiro_api\venv\Lib\site-packages\starlette\middleware\errors.py", line 164, in __call__
    |     await self.app(scope, receive, _send)
    |   File "C:\Users\otavi.LUCILENERODRIGU\gado_leiteiro_api\venv\Lib\site-packages\starlette\middleware\base.py", line 193, in __call__
    |     response = await self.dispatch_func(request, call_next)
    |                ^^^^^^^^^^^^^^^^^^^^^^^^^^^^^^^^^^^^^^^^^^^^
    |   File "C:\Users\otavi.LUCILENERODRIGU\gado_leiteiro_api\app\main.py", line 101, in log_requisicoes
    |     raise exc
    |   File "C:\Users\otavi.LUCILENERODRIGU\gado_leiteiro_api\app\main.py", line 88, in log_requisicoes
    |     response = await call_next(request)
    |                ^^^^^^^^^^^^^^^^^^^^^^^^
    |   File "C:\Users\otavi.LUCILENERODRIGU\gado_leiteiro_api\venv\Lib\site-packages\starlette\middleware\base.py", line 168, in call_next
    |     raise app_exc from app_exc.__cause__ or app_exc.__context__
    |   File "C:\Users\otavi.LUCILENERODRIGU\gado_leiteiro_api\venv\Lib\site-packages\starlette\middleware\base.py", line 144, in coro
    |     await self.app(scope, receive_or_disconnect, send_no_error)
    |   File "C:\Users\otavi.LUCILENERODRIGU\gado_leiteiro_api\venv\Lib\site-packages\starlette\middleware\cors.py", line 96, in __call__
    |     await self.simple_response(scope, receive, send, request_headers=headers)
    |   File "C:\Users\otavi.LUCILENERODRIGU\gado_leiteiro_api\venv\Lib\site-packages\starlette\middleware\cors.py", line 154, in simple_response
    |     await self.app(scope, receive, send)
    |   File "C:\Users\otavi.LUCILENERODRIGU\gado_leiteiro_api\venv\Lib\site-packages\starlette\middleware\base.py", line 193, in __call__
    |     response = await self.dispatch_func(request, call_next)
    |                ^^^^^^^^^^^^^^^^^^^^^^^^^^^^^^^^^^^^^^^^^^^^
    |   File "C:\Users\otavi.LUCILENERODRIGU\gado_leiteiro_api\venv\Lib\site-packages\slowapi\middleware.py", line 136, in dispatch
    |     response = await call_next(request)
    |                ^^^^^^^^^^^^^^^^^^^^^^^^
    |   File "C:\Users\otavi.LUCILENERODRIGU\gado_leiteiro_api\venv\Lib\site-packages\starlette\middleware\base.py", line 168, in call_next
    |     raise app_exc from app_exc.__cause__ or app_exc.__context__
    |   File "C:\Users\otavi.LUCILENERODRIGU\gado_leiteiro_api\venv\Lib\site-packages\starlette\middleware\base.py", line 144, in coro
    |     await self.app(scope, receive_or_disconnect, send_no_error)
    |   File "C:\Users\otavi.LUCILENERODRIGU\gado_leiteiro_api\venv\Lib\site-packages\starlette\middleware\exceptions.py", line 63, in __call__
    |     await wrap_app_handling_exceptions(self.app, conn)(scope, receive, send)
    |   File "C:\Users\otavi.LUCILENERODRIGU\gado_leiteiro_api\venv\Lib\site-packages\starlette\_exception_handler.py", line 53, in wrapped_app
    |     raise exc
    |   File "C:\Users\otavi.LUCILENERODRIGU\gado_leiteiro_api\venv\Lib\site-packages\starlette\_exception_handler.py", line 42, in wrapped_app
    |     await app(scope, receive, sender)
    |   File "C:\Users\otavi.LUCILENERODRIGU\gado_leiteiro_api\venv\Lib\site-packages\fastapi\middleware\asyncexitstack.py", line 18, in __call__
    |     await self.app(scope, receive, send)
    |   File "C:\Users\otavi.LUCILENERODRIGU\gado_leiteiro_api\venv\Lib\site-packages\starlette\routing.py", line 660, in __call__
    |     await self.middleware_stack(scope, receive, send)
    |   File "C:\Users\otavi.LUCILENERODRIGU\gado_leiteiro_api\venv\Lib\site-packages\starlette\routing.py", line 680, in app
    |     await route.handle(scope, receive, send)
    |   File "C:\Users\otavi.LUCILENERODRIGU\gado_leiteiro_api\venv\Lib\site-packages\starlette\routing.py", line 276, in handle
    |     await self.app(scope, receive, send)
    |   File "C:\Users\otavi.LUCILENERODRIGU\gado_leiteiro_api\venv\Lib\site-packages\fastapi\routing.py", line 134, in app
    |     await wrap_app_handling_exceptions(app, request)(scope, receive, send)
    |   File "C:\Users\otavi.LUCILENERODRIGU\gado_leiteiro_api\venv\Lib\site-packages\starlette\_exception_handler.py", line 53, in wrapped_app
    |     raise exc
    |   File "C:\Users\otavi.LUCILENERODRIGU\gado_leiteiro_api\venv\Lib\site-packages\starlette\_exception_handler.py", line 42, in wrapped_app
    |     await app(scope, receive, sender)
    |   File "C:\Users\otavi.LUCILENERODRIGU\gado_leiteiro_api\venv\Lib\site-packages\fastapi\routing.py", line 120, in app
    |     response = await f(request)
    |                ^^^^^^^^^^^^^^^^
    |   File "C:\Users\otavi.LUCILENERODRIGU\gado_leiteiro_api\venv\Lib\site-packages\fastapi\routing.py", line 674, in app
    |     raw_response = await run_endpoint_function(
    |                    ^^^^^^^^^^^^^^^^^^^^^^^^^^^^
    |     ...<3 lines>...
    |     )
    |     ^
    |   File "C:\Users\otavi.LUCILENERODRIGU\gado_leiteiro_api\venv\Lib\site-packages\fastapi\routing.py", line 330, in run_endpoint_function
    |     return await run_in_threadpool(dependant.call, **values)
    |            ^^^^^^^^^^^^^^^^^^^^^^^^^^^^^^^^^^^^^^^^^^^^^^^^^
    |   File "C:\Users\otavi.LUCILENERODRIGU\gado_leiteiro_api\venv\Lib\site-packages\starlette\concurrency.py", line 34, in run_in_threadpool
    |     return await anyio.to_thread.run_sync(func)
    |            ^^^^^^^^^^^^^^^^^^^^^^^^^^^^^^^^^^^^
    |   File "C:\Users\otavi.LUCILENERODRIGU\gado_leiteiro_api\venv\Lib\site-packages\anyio\to_thread.py", line 63, in run_sync
    |     return await get_async_backend().run_sync_in_worker_thread(
    |            ^^^^^^^^^^^^^^^^^^^^^^^^^^^^^^^^^^^^^^^^^^^^^^^^^^^^
    |         func, args, abandon_on_cancel=abandon_on_cancel, limiter=limiter
    |         ^^^^^^^^^^^^^^^^^^^^^^^^^^^^^^^^^^^^^^^^^^^^^^^^^^^^^^^^^^^^^^^^
    |     )
    |     ^
    |   File "C:\Users\otavi.LUCILENERODRIGU\gado_leiteiro_api\venv\Lib\site-packages\anyio\_backends\_asyncio.py", line 2518, in run_sync_in_worker_thread
    |     return await future
    |            ^^^^^^^^^^^^
    |   File "C:\Users\otavi.LUCILENERODRIGU\gado_leiteiro_api\venv\Lib\site-packages\anyio\_backends\_asyncio.py", line 1002, in run
    |     result = context.run(func, *args)
    |   File "C:\Users\otavi.LUCILENERODRIGU\gado_leiteiro_api\app\routers\usuarios.py", line 202, in renovar_token
    |     dados = RefreshTokenRequest(**request.json())
    | TypeError: app.routers.usuarios.renovar_token.<locals>.RefreshTokenRequest() argument after ** must be a mapping, not coroutine
    +------------------------------------

The above exception was the direct cause of the following exception:

Traceback (most recent call last):
  File "C:\Users\otavi.LUCILENERODRIGU\gado_leiteiro_api\venv\Lib\site-packages\starlette\middleware\errors.py", line 164, in __call__
    await self.app(scope, receive, _send)
  File "C:\Users\otavi.LUCILENERODRIGU\gado_leiteiro_api\venv\Lib\site-packages\starlette\middleware\base.py", line 193, in __call__
    response = await self.dispatch_func(request, call_next)
               ^^^^^^^^^^^^^^^^^^^^^^^^^^^^^^^^^^^^^^^^^^^^
  File "C:\Users\otavi.LUCILENERODRIGU\gado_leiteiro_api\app\main.py", line 101, in log_requisicoes
    raise exc
  File "C:\Users\otavi.LUCILENERODRIGU\gado_leiteiro_api\app\main.py", line 88, in log_requisicoes
    response = await call_next(request)
               ^^^^^^^^^^^^^^^^^^^^^^^^
  File "C:\Users\otavi.LUCILENERODRIGU\gado_leiteiro_api\venv\Lib\site-packages\starlette\middleware\base.py", line 168, in call_next
    raise app_exc from app_exc.__cause__ or app_exc.__context__
  File "C:\Users\otavi.LUCILENERODRIGU\gado_leiteiro_api\venv\Lib\site-packages\starlette\middleware\base.py", line 144, in coro
    await self.app(scope, receive_or_disconnect, send_no_error)
  File "C:\Users\otavi.LUCILENERODRIGU\gado_leiteiro_api\venv\Lib\site-packages\starlette\middleware\cors.py", line 96, in __call__
    await self.simple_response(scope, receive, send, request_headers=headers)
  File "C:\Users\otavi.LUCILENERODRIGU\gado_leiteiro_api\venv\Lib\site-packages\starlette\middleware\cors.py", line 154, in simple_response
    await self.app(scope, receive, send)
  File "C:\Users\otavi.LUCILENERODRIGU\gado_leiteiro_api\venv\Lib\site-packages\starlette\middleware\base.py", line 193, in __call__
    response = await self.dispatch_func(request, call_next)
               ^^^^^^^^^^^^^^^^^^^^^^^^^^^^^^^^^^^^^^^^^^^^
  File "C:\Users\otavi.LUCILENERODRIGU\gado_leiteiro_api\venv\Lib\site-packages\slowapi\middleware.py", line 136, in dispatch
    response = await call_next(request)
               ^^^^^^^^^^^^^^^^^^^^^^^^
  File "C:\Users\otavi.LUCILENERODRIGU\gado_leiteiro_api\venv\Lib\site-packages\starlette\middleware\base.py", line 168, in call_next
    raise app_exc from app_exc.__cause__ or app_exc.__context__
  File "C:\Users\otavi.LUCILENERODRIGU\gado_leiteiro_api\venv\Lib\site-packages\starlette\middleware\base.py", line 144, in coro
    await self.app(scope, receive_or_disconnect, send_no_error)
  File "C:\Users\otavi.LUCILENERODRIGU\gado_leiteiro_api\venv\Lib\site-packages\starlette\middleware\exceptions.py", line 63, in __call__
    await wrap_app_handling_exceptions(self.app, conn)(scope, receive, send)
  File "C:\Users\otavi.LUCILENERODRIGU\gado_leiteiro_api\venv\Lib\site-packages\starlette\_exception_handler.py", line 53, in wrapped_app
    raise exc
  File "C:\Users\otavi.LUCILENERODRIGU\gado_leiteiro_api\venv\Lib\site-packages\starlette\_exception_handler.py", line 42, in wrapped_app
    await app(scope, receive, sender)
  File "C:\Users\otavi.LUCILENERODRIGU\gado_leiteiro_api\venv\Lib\site-packages\fastapi\middleware\asyncexitstack.py", line 18, in __call__
    await self.app(scope, receive, send)
  File "C:\Users\otavi.LUCILENERODRIGU\gado_leiteiro_api\venv\Lib\site-packages\starlette\routing.py", line 660, in __call__
    await self.middleware_stack(scope, receive, send)
  File "C:\Users\otavi.LUCILENERODRIGU\gado_leiteiro_api\venv\Lib\site-packages\starlette\routing.py", line 680, in app
    await route.handle(scope, receive, send)
  File "C:\Users\otavi.LUCILENERODRIGU\gado_leiteiro_api\venv\Lib\site-packages\starlette\routing.py", line 276, in handle
    await self.app(scope, receive, send)
  File "C:\Users\otavi.LUCILENERODRIGU\gado_leiteiro_api\venv\Lib\site-packages\fastapi\routing.py", line 134, in app
    await wrap_app_handling_exceptions(app, request)(scope, receive, send)
  File "C:\Users\otavi.LUCILENERODRIGU\gado_leiteiro_api\venv\Lib\site-packages\starlette\_exception_handler.py", line 53, in wrapped_app
    raise exc
  File "C:\Users\otavi.LUCILENERODRIGU\gado_leiteiro_api\venv\Lib\site-packages\starlette\_exception_handler.py", line 42, in wrapped_app
    await app(scope, receive, sender)
  File "C:\Users\otavi.LUCILENERODRIGU\gado_leiteiro_api\venv\Lib\site-packages\fastapi\routing.py", line 120, in app
    response = await f(request)
               ^^^^^^^^^^^^^^^^
  File "C:\Users\otavi.LUCILENERODRIGU\gado_leiteiro_api\venv\Lib\site-packages\fastapi\routing.py", line 674, in app
    raw_response = await run_endpoint_function(
                   ^^^^^^^^^^^^^^^^^^^^^^^^^^^^
    ...<3 lines>...
    )
    ^
  File "C:\Users\otavi.LUCILENERODRIGU\gado_leiteiro_api\venv\Lib\site-packages\fastapi\routing.py", line 330, in run_endpoint_function
    return await run_in_threadpool(dependant.call, **values)
           ^^^^^^^^^^^^^^^^^^^^^^^^^^^^^^^^^^^^^^^^^^^^^^^^^
  File "C:\Users\otavi.LUCILENERODRIGU\gado_leiteiro_api\venv\Lib\site-packages\starlette\concurrency.py", line 34, in run_in_threadpool
    return await anyio.to_thread.run_sync(func)
           ^^^^^^^^^^^^^^^^^^^^^^^^^^^^^^^^^^^^
  File "C:\Users\otavi.LUCILENERODRIGU\gado_leiteiro_api\venv\Lib\site-packages\anyio\to_thread.py", line 63, in run_sync
    return await get_async_backend().run_sync_in_worker_thread(
           ^^^^^^^^^^^^^^^^^^^^^^^^^^^^^^^^^^^^^^^^^^^^^^^^^^^^
        func, args, abandon_on_cancel=abandon_on_cancel, limiter=limiter
        ^^^^^^^^^^^^^^^^^^^^^^^^^^^^^^^^^^^^^^^^^^^^^^^^^^^^^^^^^^^^^^^^
    )
    ^
  File "C:\Users\otavi.LUCILENERODRIGU\gado_leiteiro_api\venv\Lib\site-packages\anyio\_backends\_asyncio.py", line 2518, in run_sync_in_worker_thread
    return await future
           ^^^^^^^^^^^^
  File "C:\Users\otavi.LUCILENERODRIGU\gado_leiteiro_api\venv\Lib\site-packages\anyio\_backends\_asyncio.py", line 1002, in run
    result = context.run(func, *args)
  File "C:\Users\otavi.LUCILENERODRIGU\gado_leiteiro_api\app\routers\usuarios.py", line 202, in renovar_token
    dados = RefreshTokenRequest(**request.json())
TypeError: app.routers.usuarios.renovar_token.<locals>.RefreshTokenRequest() argument after ** must be a mapping, not coroutine
2026-06-20 14:01:44 | INFO | app | → OPTIONS /usuarios/login
2026-06-20 14:01:44 | INFO | app | ← OPTIONS /usuarios/login | Status: 200 | 29.98ms
2026-06-20 14:01:44 | INFO | app | → POST /usuarios/login
2026-06-20 14:01:45 | INFO | app | ← POST /usuarios/login | Status: 401 | 974.85ms
2026-06-20 14:01:53 | INFO | app | → POST /usuarios/login
2026-06-20 14:01:54 | INFO | usuarios | Login realizado | email: otaviolisboa19@gmail.com
2026-06-20 14:01:54 | INFO | app | ← POST /usuarios/login | Status: 200 | 540.75ms
2026-06-20 14:01:54 | INFO | app | → OPTIONS /usuarios/perfil
2026-06-20 14:01:54 | INFO | app | ← OPTIONS /usuarios/perfil | Status: 200 | 1.17ms
2026-06-20 14:01:54 | INFO | app | → GET /usuarios/perfil
2026-06-20 14:01:54 | INFO | app | ← GET /usuarios/perfil | Status: 200 | 32.0ms
2026-06-20 14:01:54 | INFO | app | → OPTIONS /dashboard/resumo
2026-06-20 14:01:54 | INFO | app | ← OPTIONS /dashboard/resumo | Status: 200 | 1.5ms
2026-06-20 14:01:54 | INFO | app | → OPTIONS /dashboard/alertas
2026-06-20 14:01:54 | INFO | app | ← OPTIONS /dashboard/alertas | Status: 200 | 2.03ms
2026-06-20 14:01:54 | INFO | app | → GET /dashboard/resumo
2026-06-20 14:01:54 | INFO | app | → GET /dashboard/alertas
2026-06-20 14:01:54 | INFO | dashboard | Alertas consultados | usuário: 4
2026-06-20 14:01:54 | INFO | app | ← GET /dashboard/alertas | Status: 200 | 151.79ms
2026-06-20 14:01:54 | INFO | dashboard | Resumo consultado | usuário: 4
2026-06-20 14:01:54 | INFO | app | ← GET /dashboard/resumo | Status: 200 | 173.85ms
2026-06-20 14:04:49 | INFO | app | → POST /usuarios/login
2026-06-20 14:04:49 | WARNING | app | Erro de validação | POST /usuarios/login | 1 erro(s)
2026-06-20 14:04:49 | INFO | app | ← POST /usuarios/login | Status: 422 | 55.41ms
2026-06-20 14:04:52 | INFO | app | → POST /usuarios/login
2026-06-20 14:04:52 | WARNING | app | Erro de validação | POST /usuarios/login | 1 erro(s)
2026-06-20 14:04:52 | INFO | app | ← POST /usuarios/login | Status: 422 | 7.2ms
2026-06-20 14:04:54 | INFO | app | → POST /usuarios/login
2026-06-20 14:04:54 | WARNING | app | Erro de validação | POST /usuarios/login | 1 erro(s)
2026-06-20 14:04:54 | INFO | app | ← POST /usuarios/login | Status: 422 | 6.48ms
2026-06-20 14:04:55 | INFO | app | → POST /usuarios/login
2026-06-20 14:04:55 | WARNING | app | Erro de validação | POST /usuarios/login | 1 erro(s)
2026-06-20 14:04:55 | INFO | app | ← POST /usuarios/login | Status: 422 | 7.99ms
2026-06-20 14:05:50 | INFO | app | → POST /usuarios/login
2026-06-20 14:05:50 | INFO | app | ← POST /usuarios/login | Status: 401 | 430.14ms
2026-06-20 14:08:55 | INFO | app | → POST /usuarios/login
2026-06-20 14:08:55 | INFO | app | ← POST /usuarios/login | Status: 401 | 326.16ms
2026-06-20 14:11:49 | INFO | app | → OPTIONS /usuarios/login
2026-06-20 14:11:49 | INFO | app | ← OPTIONS /usuarios/login | Status: 200 | 2.74ms
2026-06-20 14:11:49 | INFO | app | → POST /usuarios/login
2026-06-20 14:11:49 | INFO | app | ← POST /usuarios/login | Status: 401 | 17.98ms
2026-06-20 14:14:21 | INFO | app | → POST /usuarios/login
2026-06-20 14:14:21 | INFO | app | ← POST /usuarios/login | Status: 401 | 11.96ms
2026-06-20 14:14:22 | INFO | app | → POST /usuarios/login
2026-06-20 14:14:22 | INFO | app | ← POST /usuarios/login | Status: 401 | 16.6ms
2026-06-20 14:14:22 | INFO | app | → POST /usuarios/login
2026-06-20 14:14:22 | INFO | app | ← POST /usuarios/login | Status: 401 | 12.49ms
2026-06-20 14:14:23 | INFO | app | → POST /usuarios/login
2026-06-20 14:14:23 | INFO | app | ← POST /usuarios/login | Status: 429 | 12.4ms
2026-06-20 14:15:29 | INFO | app | → POST /usuarios/login
2026-06-20 14:15:29 | INFO | app | ← POST /usuarios/login | Status: 429 | 9.95ms
2026-06-20 20:31:01 | INFO | app | → OPTIONS /usuarios/cadastrar
2026-06-20 20:31:01 | INFO | app | ← OPTIONS /usuarios/cadastrar | Status: 200 | 39.22ms
2026-06-20 20:31:01 | INFO | app | → POST /usuarios/cadastrar
2026-06-20 20:31:01 | WARNING | app | Erro de validação | POST /usuarios/cadastrar | 1 erro(s)
2026-06-20 20:31:01 | INFO | app | ← POST /usuarios/cadastrar | Status: 422 | 151.34ms
2026-06-20 20:31:05 | INFO | app | → POST /usuarios/cadastrar
2026-06-20 20:31:05 | WARNING | app | Erro de validação | POST /usuarios/cadastrar | 1 erro(s)
2026-06-20 20:31:05 | INFO | app | ← POST /usuarios/cadastrar | Status: 422 | 15.52ms
2026-06-20 20:31:11 | INFO | app | → POST /usuarios/cadastrar
2026-06-20 20:31:11 | WARNING | app | Erro de validação | POST /usuarios/cadastrar | 1 erro(s)
2026-06-20 20:31:11 | INFO | app | ← POST /usuarios/cadastrar | Status: 422 | 11.05ms
2026-06-20 20:31:24 | INFO | app | → POST /usuarios/cadastrar
2026-06-20 20:31:24 | WARNING | app | Erro de validação | POST /usuarios/cadastrar | 2 erro(s)
2026-06-20 20:31:24 | INFO | app | ← POST /usuarios/cadastrar | Status: 422 | 18.37ms
2026-06-20 20:32:05 | INFO | app | → POST /usuarios/cadastrar
2026-06-20 20:32:06 | INFO | app | ← POST /usuarios/cadastrar | Status: 400 | 859.34ms
2026-06-20 20:33:28 | INFO | app | → POST /usuarios/cadastrar
2026-06-20 20:33:31 | ERROR | usuarios | Erro ao enviar email de verificação para karolinealice319@gmail.com: You can only send testing emails to your own email address (otaviolisboa19@gmail.com). To send emails to other recipients, please verify a domain at resend.com/domains, and change the `from` address to an email using this domain.
2026-06-20 20:33:31 | INFO | usuarios | Novo usuário cadastrado | email: karolinealice319@gmail.com
2026-06-20 20:33:31 | INFO | app | ← POST /usuarios/cadastrar | Status: 200 | 2185.11ms
2026-06-20 20:34:47 | INFO | app | → OPTIONS /usuarios/login
2026-06-20 20:34:47 | INFO | app | ← OPTIONS /usuarios/login | Status: 200 | 2.04ms
2026-06-20 20:34:47 | INFO | app | → POST /usuarios/login
2026-06-20 20:34:48 | INFO | app | ← POST /usuarios/login | Status: 403 | 662.33ms
2026-06-20 20:35:26 | INFO | app | → POST /usuarios/cadastrar
2026-06-20 20:35:28 | ERROR | usuarios | Erro ao enviar email de verificação para karolinyalice319@gmail.com: You can only send testing emails to your own email address (otaviolisboa19@gmail.com). To send emails to other recipients, please verify a domain at resend.com/domains, and change the `from` address to an email using this domain.
2026-06-20 20:35:28 | INFO | usuarios | Novo usuário cadastrado | email: karolinyalice319@gmail.com
2026-06-20 20:35:28 | INFO | app | ← POST /usuarios/cadastrar | Status: 200 | 1831.96ms
2026-06-20 20:40:31 | INFO | app | → POST /usuarios/cadastrar
2026-06-20 20:40:31 | INFO | app | ← POST /usuarios/cadastrar | Status: 400 | 25.67ms
2026-06-20 20:40:36 | INFO | app | → POST /usuarios/cadastrar
2026-06-20 20:40:36 | INFO | app | ← POST /usuarios/cadastrar | Status: 400 | 19.63ms
2026-06-20 20:40:41 | INFO | app | → POST /usuarios/cadastrar
2026-06-20 20:40:41 | INFO | app | ← POST /usuarios/cadastrar | Status: 400 | 18.1ms
2026-06-20 20:45:02 | INFO | app | → OPTIONS /usuarios/login
2026-06-20 20:45:02 | INFO | app | ← OPTIONS /usuarios/login | Status: 200 | 4.5ms
2026-06-20 20:45:02 | INFO | app | → POST /usuarios/login
2026-06-20 20:45:03 | INFO | usuarios | Login realizado | email: otaviolisboa19@gmail.com
2026-06-20 20:45:03 | INFO | app | ← POST /usuarios/login | Status: 200 | 769.59ms
2026-06-20 20:45:03 | INFO | app | → OPTIONS /usuarios/perfil
2026-06-20 20:45:03 | INFO | app | ← OPTIONS /usuarios/perfil | Status: 200 | 4.23ms
2026-06-20 20:45:03 | INFO | app | → GET /usuarios/perfil
2026-06-20 20:45:03 | INFO | app | ← GET /usuarios/perfil | Status: 200 | 50.0ms
2026-06-20 20:45:03 | INFO | app | → OPTIONS /dashboard/resumo
2026-06-20 20:45:03 | INFO | app | ← OPTIONS /dashboard/resumo | Status: 200 | 2.29ms
2026-06-20 20:45:03 | INFO | app | → OPTIONS /dashboard/alertas
2026-06-20 20:45:03 | INFO | app | ← OPTIONS /dashboard/alertas | Status: 200 | 1.74ms
2026-06-20 20:45:03 | INFO | app | → GET /dashboard/resumo
2026-06-20 20:45:03 | INFO | app | → GET /dashboard/alertas
2026-06-20 20:45:03 | INFO | dashboard | Alertas consultados | usuário: 4
2026-06-20 20:45:03 | INFO | app | ← GET /dashboard/alertas | Status: 200 | 201.3ms
2026-06-20 20:45:03 | INFO | dashboard | Resumo consultado | usuário: 4
2026-06-20 20:45:03 | INFO | app | ← GET /dashboard/resumo | Status: 200 | 227.37ms
2026-06-20 20:54:13 | INFO | app | → OPTIONS /animais/em-lactacao
2026-06-20 20:54:13 | INFO | app | ← OPTIONS /animais/em-lactacao | Status: 200 | 8.41ms
2026-06-20 20:54:13 | INFO | app | → OPTIONS /producoes/relatorio/diario
2026-06-20 20:54:13 | INFO | app | → OPTIONS /producoes/preco-leite/vigente
2026-06-20 20:54:13 | INFO | app | → OPTIONS /producoes/
2026-06-20 20:54:13 | INFO | app | ← OPTIONS /producoes/relatorio/diario | Status: 200 | 5.21ms
2026-06-20 20:54:13 | INFO | app | ← OPTIONS /producoes/preco-leite/vigente | Status: 200 | 5.15ms
2026-06-20 20:54:13 | INFO | app | ← OPTIONS /producoes/ | Status: 200 | 6.98ms
2026-06-20 20:54:13 | INFO | app | → GET /animais/em-lactacao
2026-06-20 20:54:13 | INFO | app | → GET /producoes/preco-leite/vigente
2026-06-20 20:54:13 | INFO | app | → GET /producoes/relatorio/diario
2026-06-20 20:54:13 | INFO | app | → GET /producoes/
2026-06-20 20:54:14 | INFO | app | ← GET /animais/em-lactacao | Status: 200 | 895.53ms
2026-06-20 20:54:14 | INFO | app | ← GET /producoes/preco-leite/vigente | Status: 200 | 906.86ms
2026-06-20 20:54:14 | INFO | app | ← GET /producoes/ | Status: 200 | 849.81ms
2026-06-20 20:54:14 | INFO | app | ← GET /producoes/relatorio/diario | Status: 200 | 944.82ms
2026-06-20 20:55:01 | INFO | app | → OPTIONS /usuarios/cadastrar
2026-06-20 20:55:01 | INFO | app | ← OPTIONS /usuarios/cadastrar | Status: 200 | 1.72ms
2026-06-20 20:55:01 | INFO | app | → POST /usuarios/cadastrar
2026-06-20 20:55:03 | ERROR | usuarios | Erro ao enviar email de verificação para karolinelisboa@gmail.com: You can only send testing emails to your own email address (otaviolisboa19@gmail.com). To send emails to other recipients, please verify a domain at resend.com/domains, and change the `from` address to an email using this domain.
2026-06-20 20:55:03 | INFO | usuarios | Cadastro/reenvio de código | email: karolinelisboa@gmail.com
2026-06-20 20:55:03 | INFO | app | ← POST /usuarios/cadastrar | Status: 200 | 1449.53ms
2026-06-20 21:02:04 | INFO | app | → POST /usuarios/cadastrar
2026-06-20 21:02:06 | ERROR | usuarios | Erro ao enviar email de verificação para alice123@gmail.com: You can only send testing emails to your own email address (otaviolisboa19@gmail.com). To send emails to other recipients, please verify a domain at resend.com/domains, and change the `from` address to an email using this domain.
2026-06-20 21:02:06 | INFO | usuarios | Cadastro/reenvio de código | email: alice123@gmail.com
2026-06-20 21:02:06 | INFO | app | ← POST /usuarios/cadastrar | Status: 200 | 2447.24ms
2026-06-20 21:34:36 | INFO | app | → OPTIONS /usuarios/esqueci-senha
2026-06-20 21:34:36 | INFO | app | ← OPTIONS /usuarios/esqueci-senha | Status: 200 | 47.17ms
2026-06-20 21:34:36 | INFO | app | → POST /usuarios/esqueci-senha
2026-06-20 21:34:38 | INFO | usuarios | Reset de senha solicitado | email: otaviolisboa19@gmail.com
2026-06-20 21:34:38 | INFO | app | ← POST /usuarios/esqueci-senha | Status: 200 | 1580.9ms
2026-06-20 21:35:48 | INFO | app | → OPTIONS /usuarios/redefinir-senha
2026-06-20 21:35:48 | INFO | app | ← OPTIONS /usuarios/redefinir-senha | Status: 200 | 2.15ms
2026-06-20 21:35:48 | INFO | app | → POST /usuarios/redefinir-senha
2026-06-20 21:35:48 | WARNING | app | Erro de validação | POST /usuarios/redefinir-senha | 1 erro(s)
2026-06-20 21:35:48 | INFO | app | ← POST /usuarios/redefinir-senha | Status: 422 | 253.78ms
2026-06-20 21:36:04 | INFO | app | → POST /usuarios/redefinir-senha
2026-06-20 21:36:06 | INFO | usuarios | Senha redefinida | email: otaviolisboa19@gmail.com
2026-06-20 21:36:06 | INFO | app | ← POST /usuarios/redefinir-senha | Status: 200 | 1096.26ms
2026-06-20 21:36:45 | INFO | app | → OPTIONS /usuarios/login
2026-06-20 21:36:45 | INFO | app | ← OPTIONS /usuarios/login | Status: 200 | 1.96ms
2026-06-20 21:36:45 | INFO | app | → POST /usuarios/login
2026-06-20 21:36:46 | INFO | usuarios | Login realizado | email: otaviolisboa19@gmail.com
2026-06-20 21:36:46 | INFO | app | ← POST /usuarios/login | Status: 200 | 776.18ms
2026-06-20 21:36:46 | INFO | app | → OPTIONS /usuarios/perfil
2026-06-20 21:36:46 | INFO | app | ← OPTIONS /usuarios/perfil | Status: 200 | 2.77ms
2026-06-20 21:36:46 | INFO | app | → GET /usuarios/perfil
2026-06-20 21:36:46 | INFO | app | ← GET /usuarios/perfil | Status: 200 | 78.87ms
2026-06-20 21:36:46 | INFO | app | → OPTIONS /dashboard/resumo
2026-06-20 21:36:46 | INFO | app | → OPTIONS /dashboard/alertas
2026-06-20 21:36:46 | INFO | app | ← OPTIONS /dashboard/resumo | Status: 200 | 4.1ms
2026-06-20 21:36:46 | INFO | app | ← OPTIONS /dashboard/alertas | Status: 200 | 6.07ms
2026-06-20 21:36:46 | INFO | app | → GET /dashboard/resumo
2026-06-20 21:36:46 | INFO | app | → GET /dashboard/alertas
2026-06-20 21:36:47 | INFO | dashboard | Resumo consultado | usuário: 4
2026-06-20 21:36:47 | INFO | app | ← GET /dashboard/resumo | Status: 200 | 520.29ms
2026-06-20 21:36:47 | INFO | dashboard | Alertas consultados | usuário: 4
2026-06-20 21:36:47 | INFO | app | ← GET /dashboard/alertas | Status: 200 | 497.98ms
2026-06-20 21:48:40 | INFO | app | → OPTIONS /dashboard/alertas
2026-06-20 21:48:40 | INFO | app | → OPTIONS /dashboard/resumo
2026-06-20 21:48:40 | INFO | app | ← OPTIONS /dashboard/alertas | Status: 200 | 30.19ms
2026-06-20 21:48:40 | INFO | app | ← OPTIONS /dashboard/resumo | Status: 200 | 17.86ms
2026-06-20 21:48:40 | INFO | app | → GET /dashboard/alertas
2026-06-20 21:48:40 | INFO | app | → GET /dashboard/resumo
2026-06-20 21:48:40 | INFO | dashboard | Alertas consultados | usuário: 4
2026-06-20 21:48:40 | INFO | app | ← GET /dashboard/alertas | Status: 200 | 423.89ms
2026-06-20 21:48:40 | INFO | dashboard | Resumo consultado | usuário: 4
2026-06-20 21:48:40 | INFO | app | ← GET /dashboard/resumo | Status: 200 | 437.02ms
2026-06-20 21:48:42 | INFO | app | → OPTIONS /animais/
2026-06-20 21:48:42 | INFO | app | ← OPTIONS /animais/ | Status: 200 | 1.32ms
2026-06-20 21:48:42 | INFO | app | → GET /animais/
2026-06-20 21:48:42 | INFO | app | ← GET /animais/ | Status: 200 | 119.56ms
2026-06-20 21:48:45 | INFO | app | → OPTIONS /animais/em-lactacao
2026-06-20 21:48:45 | INFO | app | → OPTIONS /producoes/preco-leite/vigente
2026-06-20 21:48:45 | INFO | app | ← OPTIONS /animais/em-lactacao | Status: 200 | 5.83ms
2026-06-20 21:48:45 | INFO | app | ← OPTIONS /producoes/preco-leite/vigente | Status: 200 | 9.66ms
2026-06-20 21:48:45 | INFO | app | → OPTIONS /producoes/relatorio/diario
2026-06-20 21:48:45 | INFO | app | → OPTIONS /producoes/
2026-06-20 21:48:45 | INFO | app | → GET /animais/em-lactacao
2026-06-20 21:48:45 | INFO | app | ← OPTIONS /producoes/relatorio/diario | Status: 200 | 22.3ms
2026-06-20 21:48:45 | INFO | app | ← OPTIONS /producoes/ | Status: 200 | 23.91ms
2026-06-20 21:48:45 | INFO | app | → GET /producoes/relatorio/diario
2026-06-20 21:48:45 | INFO | app | → GET /producoes/preco-leite/vigente
2026-06-20 21:48:45 | INFO | app | → GET /producoes/
2026-06-20 21:48:45 | INFO | app | ← GET /animais/em-lactacao | Status: 200 | 176.23ms
2026-06-20 21:48:45 | INFO | app | ← GET /producoes/preco-leite/vigente | Status: 200 | 158.58ms
2026-06-20 21:48:45 | INFO | app | ← GET /producoes/ | Status: 200 | 141.63ms
2026-06-20 21:48:45 | INFO | app | ← GET /producoes/relatorio/diario | Status: 200 | 183.83ms
2026-06-20 21:48:46 | INFO | app | → OPTIONS /partos/
2026-06-20 21:48:46 | INFO | app | → GET /animais/
2026-06-20 21:48:46 | INFO | app | ← OPTIONS /partos/ | Status: 200 | 4.87ms
2026-06-20 21:48:46 | INFO | app | → GET /partos/
2026-06-20 21:48:46 | INFO | app | ← GET /animais/ | Status: 200 | 71.53ms
2026-06-20 21:48:46 | INFO | app | ← GET /partos/ | Status: 200 | 109.11ms
2026-06-20 21:48:51 | INFO | app | → OPTIONS /vacinas/
2026-06-20 21:48:51 | INFO | app | ← OPTIONS /vacinas/ | Status: 200 | 1.87ms
2026-06-20 21:48:51 | INFO | app | → GET /vacinas/
2026-06-20 21:48:51 | INFO | app | ← GET /vacinas/ | Status: 200 | 61.25ms
2026-06-20 21:48:53 | INFO | app | → OPTIONS /medicamentos/
2026-06-20 21:48:53 | INFO | app | ← OPTIONS /medicamentos/ | Status: 200 | 1.51ms
2026-06-20 21:48:53 | INFO | app | → GET /medicamentos/
2026-06-20 21:48:53 | INFO | app | ← GET /medicamentos/ | Status: 200 | 54.64ms
2026-06-20 21:48:58 | INFO | app | → OPTIONS /reproducao/ocorrencias/abertas
2026-06-20 21:48:58 | INFO | app | ← OPTIONS /reproducao/ocorrencias/abertas | Status: 200 | 2.2ms
2026-06-20 21:48:58 | INFO | app | → GET /reproducao/ocorrencias/abertas
2026-06-20 21:48:58 | INFO | app | ← GET /reproducao/ocorrencias/abertas | Status: 200 | 115.36ms
2026-06-20 21:49:03 | INFO | app | → OPTIONS /reproducao/
2026-06-20 21:49:03 | INFO | app | ← OPTIONS /reproducao/ | Status: 200 | 1.53ms
2026-06-20 21:49:03 | INFO | app | → GET /reproducao/
2026-06-20 21:49:03 | INFO | app | ← GET /reproducao/ | Status: 200 | 121.22ms
2026-06-20 21:49:03 | INFO | app | → OPTIONS /producoes/relatorio/mensal
2026-06-20 21:49:03 | INFO | app | ← OPTIONS /producoes/relatorio/mensal | Status: 200 | 2.73ms
2026-06-20 21:49:03 | INFO | app | → GET /producoes/preco-leite/vigente
2026-06-20 21:49:03 | INFO | app | → GET /producoes/relatorio/mensal
2026-06-20 21:49:04 | INFO | app | ← GET /producoes/preco-leite/vigente | Status: 200 | 57.64ms
2026-06-20 21:49:04 | INFO | app | ← GET /producoes/relatorio/mensal | Status: 200 | 88.42ms
2026-06-20 21:49:15 | INFO | app | → OPTIONS /producoes/preco-leite/
2026-06-20 21:49:15 | INFO | app | ← OPTIONS /producoes/preco-leite/ | Status: 200 | 2.2ms
2026-06-20 21:49:15 | INFO | app | → POST /producoes/preco-leite/
2026-06-20 21:49:15 | WARNING | app | Erro de validação | POST /producoes/preco-leite/ | 2 erro(s)
2026-06-20 21:49:15 | INFO | app | ← POST /producoes/preco-leite/ | Status: 422 | 45.15ms
2026-06-20 21:49:21 | INFO | app | → POST /producoes/preco-leite/
2026-06-20 21:49:21 | WARNING | app | Erro de validação | POST /producoes/preco-leite/ | 2 erro(s)
2026-06-20 21:49:21 | INFO | app | ← POST /producoes/preco-leite/ | Status: 422 | 22.39ms
