2026-06-30 12:16:18 | INFO | app | → GET /animais/
2026-06-30 12:16:18 | INFO | app | ← GET /animais/ | Status: 200 | 475.5ms
2026-06-30 12:17:06 | INFO | app | → GET /dashboard/alertas
2026-06-30 12:17:07 | INFO | dashboard | Alertas consultados | usuário: 4
2026-06-30 12:17:07 | INFO | app | ← GET /dashboard/alertas | Status: 200 | 724.69ms
2026-06-30 12:17:10 | INFO | app | → GET /usuarios/perfil
2026-06-30 12:17:10 | INFO | app | ← GET /usuarios/perfil | Status: 200 | 81.38ms
2026-06-30 12:17:10 | INFO | app | → GET /usuarios/perfil
2026-06-30 12:17:10 | INFO | app | ← GET /usuarios/perfil | Status: 200 | 18.48ms
2026-06-30 12:17:10 | INFO | app | → GET /animais/
2026-06-30 12:17:10 | INFO | app | → GET /dashboard/alertas
2026-06-30 12:17:10 | INFO | app | ← GET /animais/ | Status: 200 | 96.37ms
2026-06-30 12:17:10 | INFO | dashboard | Alertas consultados | usuário: 4
2026-06-30 12:17:10 | INFO | app | ← GET /dashboard/alertas | Status: 200 | 178.87ms
2026-06-30 12:17:39 | INFO | app | → OPTIONS /animais/
2026-06-30 12:17:39 | INFO | app | ← OPTIONS /animais/ | Status: 200 | 2.32ms
2026-06-30 12:17:39 | INFO | app | → POST /animais/
2026-06-30 12:17:40 | INFO | animais | Animal criado | adfga | usuário: 4
2026-06-30 12:17:40 | INFO | app | ← POST /animais/ | Status: 200 | 107.94ms
2026-06-30 12:17:40 | INFO | app | → OPTIONS /dashboard/alertas
2026-06-30 12:17:40 | INFO | app | → GET /animais/
2026-06-30 12:17:40 | INFO | app | ← OPTIONS /dashboard/alertas | Status: 200 | 13.99ms
2026-06-30 12:17:40 | INFO | app | → GET /dashboard/alertas
2026-06-30 12:17:40 | INFO | app | ← GET /animais/ | Status: 200 | 81.74ms
2026-06-30 12:17:40 | INFO | dashboard | Alertas consultados | usuário: 4
2026-06-30 12:17:40 | INFO | app | ← GET /dashboard/alertas | Status: 200 | 102.45ms
2026-06-30 12:17:46 | INFO | app | → OPTIONS /animais/16
2026-06-30 12:17:46 | INFO | app | ← OPTIONS /animais/16 | Status: 200 | 3.84ms
2026-06-30 12:17:46 | INFO | app | → DELETE /animais/16
2026-06-30 12:17:46 | INFO | animais | Animal desativado | id: 16 | usuário: 4
2026-06-30 12:17:46 | INFO | app | ← DELETE /animais/16 | Status: 200 | 76.54ms
2026-06-30 12:17:46 | INFO | app | → GET /dashboard/alertas
2026-06-30 12:17:46 | INFO | app | → GET /animais/
2026-06-30 12:17:46 | INFO | app | ← GET /animais/ | Status: 200 | 58.28ms
2026-06-30 12:17:46 | INFO | dashboard | Alertas consultados | usuário: 4
2026-06-30 12:17:46 | INFO | app | ← GET /dashboard/alertas | Status: 200 | 119.03ms
2026-06-30 12:17:48 | INFO | app | → DELETE /animais/15
2026-06-30 12:17:48 | INFO | animais | Animal desativado | id: 15 | usuário: 4
2026-06-30 12:17:48 | INFO | app | ← DELETE /animais/15 | Status: 200 | 53.66ms
2026-06-30 12:17:48 | INFO | app | → GET /dashboard/alertas
2026-06-30 12:17:48 | INFO | app | → GET /animais/
2026-06-30 12:17:48 | INFO | app | ← GET /animais/ | Status: 200 | 58.7ms
2026-06-30 12:17:48 | INFO | dashboard | Alertas consultados | usuário: 4
2026-06-30 12:17:48 | INFO | app | ← GET /dashboard/alertas | Status: 200 | 127.46ms
