2026-07-03 04:59:34 | INFO | app | → GET /
2026-07-03 04:59:34 | INFO | app | ← GET / | Status: 200 | 37.98ms
2026-07-03 04:59:34 | INFO | app | → POST /usuarios/cadastrar
2026-07-03 04:59:37 | ERROR | usuarios | Erro ao enviar email de verificação para teste.cadastro@leitetech.example: You can only send testing emails to your own email address (otaviolisboa19@gmail.com). To send emails to other recipients, please verify a domain at resend.com/domains, and change the `from` address to an email using this domain.
2026-07-03 04:59:37 | INFO | usuarios | Cadastro/reenvio de código | email: teste.cadastro@leitetech.example
2026-07-03 04:59:37 | INFO | app | ← POST /usuarios/cadastrar | Status: 200 | 2588.92ms
2026-07-03 04:59:38 | INFO | app | → POST /usuarios/cadastrar
2026-07-03 04:59:38 | INFO | app | ← POST /usuarios/cadastrar | Status: 400 | 10.74ms
2026-07-03 04:59:38 | INFO | app | → POST /usuarios/login
2026-07-03 04:59:39 | INFO | usuarios | Login realizado | email: login.sucesso@leitetech.example
2026-07-03 04:59:39 | INFO | app | ← POST /usuarios/login | Status: 200 | 786.66ms
2026-07-03 04:59:40 | INFO | app | → POST /usuarios/login
2026-07-03 04:59:41 | INFO | app | ← POST /usuarios/login | Status: 401 | 725.84ms
2026-07-03 04:59:41 | INFO | app | → POST /usuarios/login
2026-07-03 04:59:41 | INFO | app | ← POST /usuarios/login | Status: 401 | 727.56ms
2026-07-03 04:59:41 | INFO | app | → POST /usuarios/cadastrar
2026-07-03 04:59:44 | ERROR | usuarios | Erro ao enviar email de verificação para pendente@leitetech.example: You can only send testing emails to your own email address (otaviolisboa19@gmail.com). To send emails to other recipients, please verify a domain at resend.com/domains, and change the `from` address to an email using this domain.
2026-07-03 04:59:44 | INFO | usuarios | Cadastro/reenvio de código | email: pendente@leitetech.example
2026-07-03 04:59:44 | INFO | app | ← POST /usuarios/cadastrar | Status: 200 | 2495.13ms
2026-07-03 04:59:44 | INFO | app | → POST /usuarios/login
2026-07-03 04:59:45 | INFO | app | ← POST /usuarios/login | Status: 403 | 718.39ms
2026-07-03 04:59:45 | INFO | app | → POST /usuarios/cadastrar
2026-07-03 04:59:45 | WARNING | app | Erro de validação | POST /usuarios/cadastrar | 1 erro(s)
2026-07-03 04:59:45 | INFO | app | ← POST /usuarios/cadastrar | Status: 422 | 23.81ms
2026-07-03 04:59:45 | INFO | app | → POST /usuarios/cadastrar
2026-07-03 04:59:45 | WARNING | app | Erro de validação | POST /usuarios/cadastrar | 1 erro(s)
2026-07-03 04:59:45 | INFO | app | ← POST /usuarios/cadastrar | Status: 422 | 16.4ms
2026-07-03 04:59:45 | INFO | app | → POST /usuarios/cadastrar
2026-07-03 04:59:45 | WARNING | app | Erro de validação | POST /usuarios/cadastrar | 1 erro(s)
2026-07-03 04:59:45 | INFO | app | ← POST /usuarios/cadastrar | Status: 422 | 24.05ms
2026-07-03 04:59:45 | INFO | app | → POST /usuarios/cadastrar
2026-07-03 04:59:45 | WARNING | app | Erro de validação | POST /usuarios/cadastrar | 1 erro(s)
2026-07-03 04:59:45 | INFO | app | ← POST /usuarios/cadastrar | Status: 422 | 13.92ms
2026-07-03 04:59:46 | INFO | app | → POST /animais/
2026-07-03 04:59:46 | INFO | animais | Animal criado | Mimosa | usuário: 6
2026-07-03 04:59:46 | INFO | app | ← POST /animais/ | Status: 200 | 97.3ms
2026-07-03 04:59:46 | INFO | app | → POST /animais/
2026-07-03 04:59:46 | INFO | app | ← POST /animais/ | Status: 401 | 18.24ms
2026-07-03 04:59:47 | INFO | app | → POST /animais/
2026-07-03 04:59:47 | INFO | app | ← POST /animais/ | Status: 400 | 26.28ms
2026-07-03 04:59:48 | INFO | app | → POST /animais/
2026-07-03 04:59:48 | INFO | app | ← POST /animais/ | Status: 400 | 21.44ms
2026-07-03 04:59:48 | INFO | app | → GET /animais/
2026-07-03 04:59:48 | INFO | app | ← GET /animais/ | Status: 401 | 14.69ms
2026-07-03 04:59:48 | INFO | app | → GET /rota-que-nao-existe
2026-07-03 04:59:48 | WARNING | app | Rota não encontrada | GET /rota-que-nao-existe
2026-07-03 04:59:48 | INFO | app | ← GET /rota-que-nao-existe | Status: 404 | 7.38ms
2026-07-03 04:59:48 | INFO | app | → GET /animais/
2026-07-03 04:59:48 | INFO | app | ← GET /animais/ | Status: 401 | 18.3ms
2026-07-03 04:59:49 | INFO | app | → POST /medicamentos/aplicacoes/
2026-07-03 04:59:49 | INFO | app | ← POST /medicamentos/aplicacoes/ | Status: 400 | 66.91ms
2026-07-03 04:59:49 | INFO | app | → POST /medicamentos/aplicacoes/
2026-07-03 04:59:49 | WARNING | app | Erro de validação | POST /medicamentos/aplicacoes/ | 1 erro(s)
2026-07-03 04:59:49 | INFO | app | ← POST /medicamentos/aplicacoes/ | Status: 422 | 16.86ms
2026-07-03 04:59:50 | INFO | app | → POST /medicamentos/aplicacoes/
2026-07-03 04:59:50 | WARNING | app | Erro de validação | POST /medicamentos/aplicacoes/ | 1 erro(s)
2026-07-03 04:59:50 | INFO | app | ← POST /medicamentos/aplicacoes/ | Status: 422 | 24.08ms
2026-07-03 04:59:51 | INFO | app | → POST /medicamentos/aplicacoes/
2026-07-03 04:59:51 | INFO | app | ← POST /medicamentos/aplicacoes/ | Status: 400 | 27.6ms
2026-07-03 04:59:52 | INFO | app | → POST /medicamentos/aplicacoes/
2026-07-03 04:59:52 | INFO | medicamentos | Aplicação registrada | animal: 6 | medicamento: 5 | usuário: 13
2026-07-03 04:59:52 | INFO | app | ← POST /medicamentos/aplicacoes/ | Status: 200 | 27.58ms
2026-07-03 04:59:52 | INFO | app | → GET /medicamentos/
2026-07-03 04:59:52 | INFO | app | ← GET /medicamentos/ | Status: 200 | 7.09ms
2026-07-03 04:59:52 | INFO | app | → POST /medicamentos/aplicacoes/
2026-07-03 04:59:52 | INFO | medicamentos | Aplicação registrada | animal: 7 | medicamento: 6 | usuário: 14
2026-07-03 04:59:52 | INFO | app | ← POST /medicamentos/aplicacoes/ | Status: 200 | 15.39ms
2026-07-03 04:59:52 | INFO | app | → DELETE /medicamentos/aplicacoes/2
2026-07-03 04:59:52 | INFO | medicamentos | Aplicação deletada | id: 2 | usuário: 14
2026-07-03 04:59:52 | INFO | app | ← DELETE /medicamentos/aplicacoes/2 | Status: 200 | 15.53ms
2026-07-03 04:59:52 | INFO | app | → GET /medicamentos/
2026-07-03 04:59:52 | INFO | app | ← GET /medicamentos/ | Status: 200 | 6.51ms
2026-07-03 04:59:52 | INFO | app | → DELETE /medicamentos/aplicacoes/999999
2026-07-03 04:59:52 | WARNING | app | Rota não encontrada | DELETE /medicamentos/aplicacoes/999999
2026-07-03 04:59:52 | INFO | app | ← DELETE /medicamentos/aplicacoes/999999 | Status: 404 | 10.76ms
2026-07-03 04:59:53 | INFO | app | → POST /medicamentos/aplicacoes/
2026-07-03 04:59:53 | INFO | medicamentos | Aplicação registrada | animal: 8 | medicamento: 7 | usuário: 16
2026-07-03 04:59:53 | INFO | app | ← POST /medicamentos/aplicacoes/ | Status: 200 | 17.61ms
2026-07-03 04:59:53 | INFO | app | → PUT /medicamentos/aplicacoes/3
2026-07-03 04:59:53 | INFO | medicamentos | Aplicação atualizada | id: 3 | usuário: 16
2026-07-03 04:59:53 | INFO | app | ← PUT /medicamentos/aplicacoes/3 | Status: 200 | 16.83ms
2026-07-03 04:59:53 | INFO | app | → GET /medicamentos/
2026-07-03 04:59:53 | INFO | app | ← GET /medicamentos/ | Status: 200 | 5.72ms
2026-07-03 04:59:53 | INFO | app | → POST /medicamentos/aplicacoes/
2026-07-03 04:59:53 | INFO | medicamentos | Aplicação registrada | animal: 9 | medicamento: 8 | usuário: 17
2026-07-03 04:59:53 | INFO | app | ← POST /medicamentos/aplicacoes/ | Status: 200 | 15.26ms
2026-07-03 04:59:53 | INFO | app | → PUT /medicamentos/aplicacoes/4
2026-07-03 04:59:53 | INFO | medicamentos | Aplicação atualizada | id: 4 | usuário: 17
2026-07-03 04:59:53 | INFO | app | ← PUT /medicamentos/aplicacoes/4 | Status: 200 | 17.37ms
2026-07-03 04:59:53 | INFO | app | → GET /medicamentos/
2026-07-03 04:59:53 | INFO | app | ← GET /medicamentos/ | Status: 200 | 6.11ms
2026-07-03 04:59:53 | INFO | app | → POST /medicamentos/aplicacoes/
2026-07-03 04:59:53 | INFO | medicamentos | Aplicação registrada | animal: 10 | medicamento: 9 | usuário: 18
2026-07-03 04:59:53 | INFO | app | ← POST /medicamentos/aplicacoes/ | Status: 200 | 19.19ms
2026-07-03 04:59:53 | INFO | app | → PUT /medicamentos/aplicacoes/5
2026-07-03 04:59:53 | INFO | app | ← PUT /medicamentos/aplicacoes/5 | Status: 400 | 9.42ms
2026-07-03 04:59:53 | INFO | app | → GET /medicamentos/
2026-07-03 04:59:53 | INFO | app | ← GET /medicamentos/ | Status: 200 | 5.56ms
2026-07-03 04:59:53 | INFO | app | → GET /medicamentos/aplicacoes/animal/10
2026-07-03 04:59:53 | INFO | app | ← GET /medicamentos/aplicacoes/animal/10 | Status: 200 | 10.67ms
2026-07-03 04:59:54 | INFO | app | → POST /medicamentos/aplicacoes/
2026-07-03 04:59:54 | INFO | medicamentos | Aplicação registrada | animal: 11 | medicamento: 10 | usuário: 19
2026-07-03 04:59:54 | INFO | app | ← POST /medicamentos/aplicacoes/ | Status: 200 | 17.68ms
2026-07-03 04:59:54 | INFO | app | → PUT /medicamentos/aplicacoes/6
2026-07-03 04:59:54 | INFO | medicamentos | Aplicação atualizada | id: 6 | usuário: 19
2026-07-03 04:59:54 | INFO | app | ← PUT /medicamentos/aplicacoes/6 | Status: 200 | 14.53ms
2026-07-03 04:59:54 | INFO | app | → POST /medicamentos/aplicacoes/
2026-07-03 04:59:54 | INFO | medicamentos | Aplicação registrada | animal: 12 | medicamento: 11 | usuário: 20
2026-07-03 04:59:54 | INFO | app | ← POST /medicamentos/aplicacoes/ | Status: 200 | 15.98ms
2026-07-03 04:59:54 | INFO | app | → PUT /medicamentos/aplicacoes/7
2026-07-03 04:59:54 | WARNING | app | Erro de validação | PUT /medicamentos/aplicacoes/7 | 1 erro(s)
2026-07-03 04:59:54 | INFO | app | ← PUT /medicamentos/aplicacoes/7 | Status: 422 | 5.42ms
2026-07-03 04:59:54 | INFO | app | → POST /medicamentos/aplicacoes/
2026-07-03 04:59:54 | INFO | medicamentos | Aplicação registrada | animal: 13 | medicamento: 12 | usuário: 21
2026-07-03 04:59:54 | INFO | app | ← POST /medicamentos/aplicacoes/ | Status: 200 | 16.72ms
2026-07-03 04:59:54 | INFO | app | → GET /medicamentos/aplicacoes/animal/13
2026-07-03 04:59:54 | WARNING | app | Rota não encontrada | GET /medicamentos/aplicacoes/animal/13
2026-07-03 04:59:54 | INFO | app | ← GET /medicamentos/aplicacoes/animal/13 | Status: 404 | 8.71ms
2026-07-03 04:59:54 | INFO | app | → PUT /medicamentos/aplicacoes/8
2026-07-03 04:59:54 | WARNING | app | Rota não encontrada | PUT /medicamentos/aplicacoes/8
2026-07-03 04:59:54 | INFO | app | ← PUT /medicamentos/aplicacoes/8 | Status: 404 | 6.73ms
2026-07-03 04:59:54 | INFO | app | → DELETE /medicamentos/aplicacoes/8
2026-07-03 04:59:55 | WARNING | app | Rota não encontrada | DELETE /medicamentos/aplicacoes/8
2026-07-03 04:59:55 | INFO | app | ← DELETE /medicamentos/aplicacoes/8 | Status: 404 | 6.6ms
2026-07-03 04:59:55 | INFO | app | → GET /medicamentos/aplicacoes/animal/13
2026-07-03 04:59:55 | INFO | app | ← GET /medicamentos/aplicacoes/animal/13 | Status: 200 | 7.2ms
