2026-06-21 11:47:19 | INFO | app | → OPTIONS /usuarios/login
2026-06-21 11:47:19 | INFO | app | ← OPTIONS /usuarios/login | Status: 200 | 1.8ms
2026-06-21 11:47:19 | INFO | app | → POST /usuarios/login
2026-06-21 11:47:20 | INFO | app | ← POST /usuarios/login | Status: 401 | 820.86ms
2026-06-21 11:47:31 | INFO | app | → POST /usuarios/login
2026-06-21 11:47:31 | INFO | usuarios | Login realizado | email: otaviolisboa19@gmail.com
2026-06-21 11:47:31 | INFO | app | ← POST /usuarios/login | Status: 200 | 254.43ms
2026-06-21 11:47:31 | INFO | app | → OPTIONS /usuarios/perfil
2026-06-21 11:47:32 | INFO | app | ← OPTIONS /usuarios/perfil | Status: 200 | 2.04ms
2026-06-21 11:47:32 | INFO | app | → GET /usuarios/perfil
2026-06-21 11:47:32 | INFO | app | ← GET /usuarios/perfil | Status: 200 | 26.83ms
2026-06-21 11:47:32 | INFO | app | → OPTIONS /dashboard/resumo
2026-06-21 11:47:32 | INFO | app | ← OPTIONS /dashboard/resumo | Status: 200 | 1.02ms
2026-06-21 11:47:32 | INFO | app | → OPTIONS /dashboard/alertas
2026-06-21 11:47:32 | INFO | app | → GET /dashboard/resumo
2026-06-21 11:47:32 | INFO | app | ← OPTIONS /dashboard/alertas | Status: 200 | 1.46ms
2026-06-21 11:47:32 | INFO | app | → GET /dashboard/alertas
2026-06-21 11:47:32 | INFO | dashboard | Resumo consultado | usuário: 4
2026-06-21 11:47:32 | INFO | app | ← GET /dashboard/resumo | Status: 200 | 223.38ms
2026-06-21 11:47:32 | INFO | dashboard | Alertas consultados | usuário: 4
2026-06-21 11:47:32 | INFO | app | ← GET /dashboard/alertas | Status: 200 | 227.08ms
2026-06-21 11:47:49 | INFO | app | → OPTIONS /usuarios/perfil
2026-06-21 11:47:49 | INFO | app | ← OPTIONS /usuarios/perfil | Status: 200 | 1.58ms
2026-06-21 11:47:49 | INFO | app | → OPTIONS /usuarios/perfil
2026-06-21 11:47:49 | INFO | app | ← OPTIONS /usuarios/perfil | Status: 200 | 1.24ms
2026-06-21 11:47:49 | INFO | app | → GET /usuarios/perfil
2026-06-21 11:47:49 | INFO | app | ← GET /usuarios/perfil | Status: 401 | 8.17ms
2026-06-21 11:47:49 | INFO | app | → GET /usuarios/perfil
2026-06-21 11:47:49 | INFO | app | ← GET /usuarios/perfil | Status: 401 | 5.51ms
2026-06-21 11:47:49 | INFO | app | → OPTIONS /usuarios/refresh
2026-06-21 11:47:49 | INFO | app | ← OPTIONS /usuarios/refresh | Status: 200 | 1.32ms
2026-06-21 11:47:49 | INFO | app | → OPTIONS /usuarios/refresh
2026-06-21 11:47:49 | INFO | app | → POST /usuarios/refresh
2026-06-21 11:47:49 | INFO | app | ← OPTIONS /usuarios/refresh | Status: 200 | 2.47ms
2026-06-21 11:47:49 | INFO | app | → POST /usuarios/refresh
2026-06-21 11:47:49 | ERROR | app | ✗ POST /usuarios/refresh | Erro: TypeError | 34.64ms
2026-06-21 11:47:49 | ERROR | app | ✗ POST /usuarios/refresh | Erro: TypeError | 21.54ms
2026-06-21 11:47:49 | CRITICAL | app | Erro inesperado | POST /usuarios/refresh | TypeError: app.routers.usuarios.renovar_token.<locals>.RefreshTokenRequest() argument after ** must be a mapping, not coroutine
  + Exception Group Traceback (most recent call last):
  |   File "C:\Users\otavi.LUCILENERODRIGU\gado_leiteiro_api\venv\Lib\site-packages\starlette\_utils.py", line 85, in create_collapsing_task_group
  |     async with anyio.create_task_group() as tg:
  |                ~~~~~~~~~~~~~~~~~~~~~~~^^
  |   File "C:\Users\otavi.LUCILENERODRIGU\gado_leiteiro_api\venv\Lib\site-packages\anyio\_backends\_asyncio.py", line 799, in __aexit__
  |     raise BaseExceptionGroup(
  |         "unhandled errors in a TaskGroup", self._exceptions
  |     ) from None
  | ExceptionGroup: unhandled errors in a TaskGroup (1 sub-exception)
  +-+---------------- 1 ----------------
    | Traceback (most recent call last):
    |   File "C:\Users\otavi.LUCILENERODRIGU\gado_leiteiro_api\venv\Lib\site-packages\starlette\middleware\errors.py", line 164, in __call__
    |     await self.app(scope, receive, _send)
    |   File "C:\Users\otavi.LUCILENERODRIGU\gado_leiteiro_api\venv\Lib\site-packages\starlette\middleware\base.py", line 193, in __call__
    |     response = await self.dispatch_func(request, call_next)
    |                ^^^^^^^^^^^^^^^^^^^^^^^^^^^^^^^^^^^^^^^^^^^^
    |   File "C:\Users\otavi.LUCILENERODRIGU\gado_leiteiro_api\app\main.py", line 101, in log_requisicoes
    |     raise exc
    |   File "C:\Users\otavi.LUCILENERODRIGU\gado_leiteiro_api\app\main.py", line 88, in log_requisicoes
    |     response = await call_next(request)
    |                ^^^^^^^^^^^^^^^^^^^^^^^^
    |   File "C:\Users\otavi.LUCILENERODRIGU\gado_leiteiro_api\venv\Lib\site-packages\starlette\middleware\base.py", line 168, in call_next
    |     raise app_exc from app_exc.__cause__ or app_exc.__context__
    |   File "C:\Users\otavi.LUCILENERODRIGU\gado_leiteiro_api\venv\Lib\site-packages\starlette\middleware\base.py", line 144, in coro
    |     await self.app(scope, receive_or_disconnect, send_no_error)
    |   File "C:\Users\otavi.LUCILENERODRIGU\gado_leiteiro_api\venv\Lib\site-packages\starlette\middleware\cors.py", line 96, in __call__
    |     await self.simple_response(scope, receive, send, request_headers=headers)
    |   File "C:\Users\otavi.LUCILENERODRIGU\gado_leiteiro_api\venv\Lib\site-packages\starlette\middleware\cors.py", line 154, in simple_response
    |     await self.app(scope, receive, send)
    |   File "C:\Users\otavi.LUCILENERODRIGU\gado_leiteiro_api\venv\Lib\site-packages\starlette\middleware\base.py", line 193, in __call__
    |     response = await self.dispatch_func(request, call_next)
    |                ^^^^^^^^^^^^^^^^^^^^^^^^^^^^^^^^^^^^^^^^^^^^
    |   File "C:\Users\otavi.LUCILENERODRIGU\gado_leiteiro_api\venv\Lib\site-packages\slowapi\middleware.py", line 136, in dispatch
    |     response = await call_next(request)
    |                ^^^^^^^^^^^^^^^^^^^^^^^^
    |   File "C:\Users\otavi.LUCILENERODRIGU\gado_leiteiro_api\venv\Lib\site-packages\starlette\middleware\base.py", line 168, in call_next
    |     raise app_exc from app_exc.__cause__ or app_exc.__context__
    |   File "C:\Users\otavi.LUCILENERODRIGU\gado_leiteiro_api\venv\Lib\site-packages\starlette\middleware\base.py", line 144, in coro
    |     await self.app(scope, receive_or_disconnect, send_no_error)
    |   File "C:\Users\otavi.LUCILENERODRIGU\gado_leiteiro_api\venv\Lib\site-packages\starlette\middleware\exceptions.py", line 63, in __call__
    |     await wrap_app_handling_exceptions(self.app, conn)(scope, receive, send)
    |   File "C:\Users\otavi.LUCILENERODRIGU\gado_leiteiro_api\venv\Lib\site-packages\starlette\_exception_handler.py", line 53, in wrapped_app
    |     raise exc
    |   File "C:\Users\otavi.LUCILENERODRIGU\gado_leiteiro_api\venv\Lib\site-packages\starlette\_exception_handler.py", line 42, in wrapped_app
    |     await app(scope, receive, sender)
    |   File "C:\Users\otavi.LUCILENERODRIGU\gado_leiteiro_api\venv\Lib\site-packages\fastapi\middleware\asyncexitstack.py", line 18, in __call__
    |     await self.app(scope, receive, send)
    |   File "C:\Users\otavi.LUCILENERODRIGU\gado_leiteiro_api\venv\Lib\site-packages\starlette\routing.py", line 660, in __call__
    |     await self.middleware_stack(scope, receive, send)
    |   File "C:\Users\otavi.LUCILENERODRIGU\gado_leiteiro_api\venv\Lib\site-packages\starlette\routing.py", line 680, in app
    |     await route.handle(scope, receive, send)
    |   File "C:\Users\otavi.LUCILENERODRIGU\gado_leiteiro_api\venv\Lib\site-packages\starlette\routing.py", line 276, in handle
    |     await self.app(scope, receive, send)
    |   File "C:\Users\otavi.LUCILENERODRIGU\gado_leiteiro_api\venv\Lib\site-packages\fastapi\routing.py", line 134, in app
    |     await wrap_app_handling_exceptions(app, request)(scope, receive, send)
    |   File "C:\Users\otavi.LUCILENERODRIGU\gado_leiteiro_api\venv\Lib\site-packages\starlette\_exception_handler.py", line 53, in wrapped_app
    |     raise exc
    |   File "C:\Users\otavi.LUCILENERODRIGU\gado_leiteiro_api\venv\Lib\site-packages\starlette\_exception_handler.py", line 42, in wrapped_app
    |     await app(scope, receive, sender)
    |   File "C:\Users\otavi.LUCILENERODRIGU\gado_leiteiro_api\venv\Lib\site-packages\fastapi\routing.py", line 120, in app
    |     response = await f(request)
    |                ^^^^^^^^^^^^^^^^
    |   File "C:\Users\otavi.LUCILENERODRIGU\gado_leiteiro_api\venv\Lib\site-packages\fastapi\routing.py", line 674, in app
    |     raw_response = await run_endpoint_function(
    |                    ^^^^^^^^^^^^^^^^^^^^^^^^^^^^
    |     ...<3 lines>...
    |     )
    |     ^
    |   File "C:\Users\otavi.LUCILENERODRIGU\gado_leiteiro_api\venv\Lib\site-packages\fastapi\routing.py", line 330, in run_endpoint_function
    |     return await run_in_threadpool(dependant.call, **values)
    |            ^^^^^^^^^^^^^^^^^^^^^^^^^^^^^^^^^^^^^^^^^^^^^^^^^
    |   File "C:\Users\otavi.LUCILENERODRIGU\gado_leiteiro_api\venv\Lib\site-packages\starlette\concurrency.py", line 34, in run_in_threadpool
    |     return await anyio.to_thread.run_sync(func)
    |            ^^^^^^^^^^^^^^^^^^^^^^^^^^^^^^^^^^^^
    |   File "C:\Users\otavi.LUCILENERODRIGU\gado_leiteiro_api\venv\Lib\site-packages\anyio\to_thread.py", line 63, in run_sync
    |     return await get_async_backend().run_sync_in_worker_thread(
    |            ^^^^^^^^^^^^^^^^^^^^^^^^^^^^^^^^^^^^^^^^^^^^^^^^^^^^
    |         func, args, abandon_on_cancel=abandon_on_cancel, limiter=limiter
    |         ^^^^^^^^^^^^^^^^^^^^^^^^^^^^^^^^^^^^^^^^^^^^^^^^^^^^^^^^^^^^^^^^
    |     )
    |     ^
    |   File "C:\Users\otavi.LUCILENERODRIGU\gado_leiteiro_api\venv\Lib\site-packages\anyio\_backends\_asyncio.py", line 2518, in run_sync_in_worker_thread
    |     return await future
    |            ^^^^^^^^^^^^
    |   File "C:\Users\otavi.LUCILENERODRIGU\gado_leiteiro_api\venv\Lib\site-packages\anyio\_backends\_asyncio.py", line 1002, in run
    |     result = context.run(func, *args)
    |   File "C:\Users\otavi.LUCILENERODRIGU\gado_leiteiro_api\app\routers\usuarios.py", line 216, in renovar_token
    |     dados = RefreshTokenRequest(**request.json())
    | TypeError: app.routers.usuarios.renovar_token.<locals>.RefreshTokenRequest() argument after ** must be a mapping, not coroutine
    +------------------------------------

The above exception was the direct cause of the following exception:

Traceback (most recent call last):
  File "C:\Users\otavi.LUCILENERODRIGU\gado_leiteiro_api\venv\Lib\site-packages\starlette\middleware\errors.py", line 164, in __call__
    await self.app(scope, receive, _send)
  File "C:\Users\otavi.LUCILENERODRIGU\gado_leiteiro_api\venv\Lib\site-packages\starlette\middleware\base.py", line 193, in __call__
    response = await self.dispatch_func(request, call_next)
               ^^^^^^^^^^^^^^^^^^^^^^^^^^^^^^^^^^^^^^^^^^^^
  File "C:\Users\otavi.LUCILENERODRIGU\gado_leiteiro_api\app\main.py", line 101, in log_requisicoes
    raise exc
  File "C:\Users\otavi.LUCILENERODRIGU\gado_leiteiro_api\app\main.py", line 88, in log_requisicoes
    response = await call_next(request)
               ^^^^^^^^^^^^^^^^^^^^^^^^
  File "C:\Users\otavi.LUCILENERODRIGU\gado_leiteiro_api\venv\Lib\site-packages\starlette\middleware\base.py", line 168, in call_next
    raise app_exc from app_exc.__cause__ or app_exc.__context__
  File "C:\Users\otavi.LUCILENERODRIGU\gado_leiteiro_api\venv\Lib\site-packages\starlette\middleware\base.py", line 144, in coro
    await self.app(scope, receive_or_disconnect, send_no_error)
  File "C:\Users\otavi.LUCILENERODRIGU\gado_leiteiro_api\venv\Lib\site-packages\starlette\middleware\cors.py", line 96, in __call__
    await self.simple_response(scope, receive, send, request_headers=headers)
  File "C:\Users\otavi.LUCILENERODRIGU\gado_leiteiro_api\venv\Lib\site-packages\starlette\middleware\cors.py", line 154, in simple_response
    await self.app(scope, receive, send)
  File "C:\Users\otavi.LUCILENERODRIGU\gado_leiteiro_api\venv\Lib\site-packages\starlette\middleware\base.py", line 193, in __call__
    response = await self.dispatch_func(request, call_next)
               ^^^^^^^^^^^^^^^^^^^^^^^^^^^^^^^^^^^^^^^^^^^^
  File "C:\Users\otavi.LUCILENERODRIGU\gado_leiteiro_api\venv\Lib\site-packages\slowapi\middleware.py", line 136, in dispatch
    response = await call_next(request)
               ^^^^^^^^^^^^^^^^^^^^^^^^
  File "C:\Users\otavi.LUCILENERODRIGU\gado_leiteiro_api\venv\Lib\site-packages\starlette\middleware\base.py", line 168, in call_next
    raise app_exc from app_exc.__cause__ or app_exc.__context__
  File "C:\Users\otavi.LUCILENERODRIGU\gado_leiteiro_api\venv\Lib\site-packages\starlette\middleware\base.py", line 144, in coro
    await self.app(scope, receive_or_disconnect, send_no_error)
  File "C:\Users\otavi.LUCILENERODRIGU\gado_leiteiro_api\venv\Lib\site-packages\starlette\middleware\exceptions.py", line 63, in __call__
    await wrap_app_handling_exceptions(self.app, conn)(scope, receive, send)
  File "C:\Users\otavi.LUCILENERODRIGU\gado_leiteiro_api\venv\Lib\site-packages\starlette\_exception_handler.py", line 53, in wrapped_app
    raise exc
  File "C:\Users\otavi.LUCILENERODRIGU\gado_leiteiro_api\venv\Lib\site-packages\starlette\_exception_handler.py", line 42, in wrapped_app
    await app(scope, receive, sender)
  File "C:\Users\otavi.LUCILENERODRIGU\gado_leiteiro_api\venv\Lib\site-packages\fastapi\middleware\asyncexitstack.py", line 18, in __call__
    await self.app(scope, receive, send)
  File "C:\Users\otavi.LUCILENERODRIGU\gado_leiteiro_api\venv\Lib\site-packages\starlette\routing.py", line 660, in __call__
    await self.middleware_stack(scope, receive, send)
  File "C:\Users\otavi.LUCILENERODRIGU\gado_leiteiro_api\venv\Lib\site-packages\starlette\routing.py", line 680, in app
    await route.handle(scope, receive, send)
  File "C:\Users\otavi.LUCILENERODRIGU\gado_leiteiro_api\venv\Lib\site-packages\starlette\routing.py", line 276, in handle
    await self.app(scope, receive, send)
  File "C:\Users\otavi.LUCILENERODRIGU\gado_leiteiro_api\venv\Lib\site-packages\fastapi\routing.py", line 134, in app
    await wrap_app_handling_exceptions(app, request)(scope, receive, send)
  File "C:\Users\otavi.LUCILENERODRIGU\gado_leiteiro_api\venv\Lib\site-packages\starlette\_exception_handler.py", line 53, in wrapped_app
    raise exc
  File "C:\Users\otavi.LUCILENERODRIGU\gado_leiteiro_api\venv\Lib\site-packages\starlette\_exception_handler.py", line 42, in wrapped_app
    await app(scope, receive, sender)
  File "C:\Users\otavi.LUCILENERODRIGU\gado_leiteiro_api\venv\Lib\site-packages\fastapi\routing.py", line 120, in app
    response = await f(request)
               ^^^^^^^^^^^^^^^^
  File "C:\Users\otavi.LUCILENERODRIGU\gado_leiteiro_api\venv\Lib\site-packages\fastapi\routing.py", line 674, in app
    raw_response = await run_endpoint_function(
                   ^^^^^^^^^^^^^^^^^^^^^^^^^^^^
    ...<3 lines>...
    )
    ^
  File "C:\Users\otavi.LUCILENERODRIGU\gado_leiteiro_api\venv\Lib\site-packages\fastapi\routing.py", line 330, in run_endpoint_function
    return await run_in_threadpool(dependant.call, **values)
           ^^^^^^^^^^^^^^^^^^^^^^^^^^^^^^^^^^^^^^^^^^^^^^^^^
  File "C:\Users\otavi.LUCILENERODRIGU\gado_leiteiro_api\venv\Lib\site-packages\starlette\concurrency.py", line 34, in run_in_threadpool
    return await anyio.to_thread.run_sync(func)
           ^^^^^^^^^^^^^^^^^^^^^^^^^^^^^^^^^^^^
  File "C:\Users\otavi.LUCILENERODRIGU\gado_leiteiro_api\venv\Lib\site-packages\anyio\to_thread.py", line 63, in run_sync
    return await get_async_backend().run_sync_in_worker_thread(
           ^^^^^^^^^^^^^^^^^^^^^^^^^^^^^^^^^^^^^^^^^^^^^^^^^^^^
        func, args, abandon_on_cancel=abandon_on_cancel, limiter=limiter
        ^^^^^^^^^^^^^^^^^^^^^^^^^^^^^^^^^^^^^^^^^^^^^^^^^^^^^^^^^^^^^^^^
    )
    ^
  File "C:\Users\otavi.LUCILENERODRIGU\gado_leiteiro_api\venv\Lib\site-packages\anyio\_backends\_asyncio.py", line 2518, in run_sync_in_worker_thread
    return await future
           ^^^^^^^^^^^^
  File "C:\Users\otavi.LUCILENERODRIGU\gado_leiteiro_api\venv\Lib\site-packages\anyio\_backends\_asyncio.py", line 1002, in run
    result = context.run(func, *args)
  File "C:\Users\otavi.LUCILENERODRIGU\gado_leiteiro_api\app\routers\usuarios.py", line 216, in renovar_token
    dados = RefreshTokenRequest(**request.json())
TypeError: app.routers.usuarios.renovar_token.<locals>.RefreshTokenRequest() argument after ** must be a mapping, not coroutine
2026-06-21 11:47:50 | CRITICAL | app | Erro inesperado | POST /usuarios/refresh | TypeError: app.routers.usuarios.renovar_token.<locals>.RefreshTokenRequest() argument after ** must be a mapping, not coroutine
  + Exception Group Traceback (most recent call last):
  |   File "C:\Users\otavi.LUCILENERODRIGU\gado_leiteiro_api\venv\Lib\site-packages\starlette\_utils.py", line 85, in create_collapsing_task_group
  |     async with anyio.create_task_group() as tg:
  |                ~~~~~~~~~~~~~~~~~~~~~~~^^
  |   File "C:\Users\otavi.LUCILENERODRIGU\gado_leiteiro_api\venv\Lib\site-packages\anyio\_backends\_asyncio.py", line 799, in __aexit__
  |     raise BaseExceptionGroup(
  |         "unhandled errors in a TaskGroup", self._exceptions
  |     ) from None
  | ExceptionGroup: unhandled errors in a TaskGroup (1 sub-exception)
  +-+---------------- 1 ----------------
    | Traceback (most recent call last):
    |   File "C:\Users\otavi.LUCILENERODRIGU\gado_leiteiro_api\venv\Lib\site-packages\starlette\middleware\errors.py", line 164, in __call__
    |     await self.app(scope, receive, _send)
    |   File "C:\Users\otavi.LUCILENERODRIGU\gado_leiteiro_api\venv\Lib\site-packages\starlette\middleware\base.py", line 193, in __call__
    |     response = await self.dispatch_func(request, call_next)
    |                ^^^^^^^^^^^^^^^^^^^^^^^^^^^^^^^^^^^^^^^^^^^^
    |   File "C:\Users\otavi.LUCILENERODRIGU\gado_leiteiro_api\app\main.py", line 101, in log_requisicoes
    |     raise exc
    |   File "C:\Users\otavi.LUCILENERODRIGU\gado_leiteiro_api\app\main.py", line 88, in log_requisicoes
    |     response = await call_next(request)
    |                ^^^^^^^^^^^^^^^^^^^^^^^^
    |   File "C:\Users\otavi.LUCILENERODRIGU\gado_leiteiro_api\venv\Lib\site-packages\starlette\middleware\base.py", line 168, in call_next
    |     raise app_exc from app_exc.__cause__ or app_exc.__context__
    |   File "C:\Users\otavi.LUCILENERODRIGU\gado_leiteiro_api\venv\Lib\site-packages\starlette\middleware\base.py", line 144, in coro
    |     await self.app(scope, receive_or_disconnect, send_no_error)
    |   File "C:\Users\otavi.LUCILENERODRIGU\gado_leiteiro_api\venv\Lib\site-packages\starlette\middleware\cors.py", line 96, in __call__
    |     await self.simple_response(scope, receive, send, request_headers=headers)
    |   File "C:\Users\otavi.LUCILENERODRIGU\gado_leiteiro_api\venv\Lib\site-packages\starlette\middleware\cors.py", line 154, in simple_response
    |     await self.app(scope, receive, send)
    |   File "C:\Users\otavi.LUCILENERODRIGU\gado_leiteiro_api\venv\Lib\site-packages\starlette\middleware\base.py", line 193, in __call__
    |     response = await self.dispatch_func(request, call_next)
    |                ^^^^^^^^^^^^^^^^^^^^^^^^^^^^^^^^^^^^^^^^^^^^
    |   File "C:\Users\otavi.LUCILENERODRIGU\gado_leiteiro_api\venv\Lib\site-packages\slowapi\middleware.py", line 136, in dispatch
    |     response = await call_next(request)
    |                ^^^^^^^^^^^^^^^^^^^^^^^^
    |   File "C:\Users\otavi.LUCILENERODRIGU\gado_leiteiro_api\venv\Lib\site-packages\starlette\middleware\base.py", line 168, in call_next
    |     raise app_exc from app_exc.__cause__ or app_exc.__context__
    |   File "C:\Users\otavi.LUCILENERODRIGU\gado_leiteiro_api\venv\Lib\site-packages\starlette\middleware\base.py", line 144, in coro
    |     await self.app(scope, receive_or_disconnect, send_no_error)
    |   File "C:\Users\otavi.LUCILENERODRIGU\gado_leiteiro_api\venv\Lib\site-packages\starlette\middleware\exceptions.py", line 63, in __call__
    |     await wrap_app_handling_exceptions(self.app, conn)(scope, receive, send)
    |   File "C:\Users\otavi.LUCILENERODRIGU\gado_leiteiro_api\venv\Lib\site-packages\starlette\_exception_handler.py", line 53, in wrapped_app
    |     raise exc
    |   File "C:\Users\otavi.LUCILENERODRIGU\gado_leiteiro_api\venv\Lib\site-packages\starlette\_exception_handler.py", line 42, in wrapped_app
    |     await app(scope, receive, sender)
    |   File "C:\Users\otavi.LUCILENERODRIGU\gado_leiteiro_api\venv\Lib\site-packages\fastapi\middleware\asyncexitstack.py", line 18, in __call__
    |     await self.app(scope, receive, send)
    |   File "C:\Users\otavi.LUCILENERODRIGU\gado_leiteiro_api\venv\Lib\site-packages\starlette\routing.py", line 660, in __call__
    |     await self.middleware_stack(scope, receive, send)
    |   File "C:\Users\otavi.LUCILENERODRIGU\gado_leiteiro_api\venv\Lib\site-packages\starlette\routing.py", line 680, in app
    |     await route.handle(scope, receive, send)
    |   File "C:\Users\otavi.LUCILENERODRIGU\gado_leiteiro_api\venv\Lib\site-packages\starlette\routing.py", line 276, in handle
    |     await self.app(scope, receive, send)
    |   File "C:\Users\otavi.LUCILENERODRIGU\gado_leiteiro_api\venv\Lib\site-packages\fastapi\routing.py", line 134, in app
    |     await wrap_app_handling_exceptions(app, request)(scope, receive, send)
    |   File "C:\Users\otavi.LUCILENERODRIGU\gado_leiteiro_api\venv\Lib\site-packages\starlette\_exception_handler.py", line 53, in wrapped_app
    |     raise exc
    |   File "C:\Users\otavi.LUCILENERODRIGU\gado_leiteiro_api\venv\Lib\site-packages\starlette\_exception_handler.py", line 42, in wrapped_app
    |     await app(scope, receive, sender)
    |   File "C:\Users\otavi.LUCILENERODRIGU\gado_leiteiro_api\venv\Lib\site-packages\fastapi\routing.py", line 120, in app
    |     response = await f(request)
    |                ^^^^^^^^^^^^^^^^
    |   File "C:\Users\otavi.LUCILENERODRIGU\gado_leiteiro_api\venv\Lib\site-packages\fastapi\routing.py", line 674, in app
    |     raw_response = await run_endpoint_function(
    |                    ^^^^^^^^^^^^^^^^^^^^^^^^^^^^
    |     ...<3 lines>...
    |     )
    |     ^
    |   File "C:\Users\otavi.LUCILENERODRIGU\gado_leiteiro_api\venv\Lib\site-packages\fastapi\routing.py", line 330, in run_endpoint_function
    |     return await run_in_threadpool(dependant.call, **values)
    |            ^^^^^^^^^^^^^^^^^^^^^^^^^^^^^^^^^^^^^^^^^^^^^^^^^
    |   File "C:\Users\otavi.LUCILENERODRIGU\gado_leiteiro_api\venv\Lib\site-packages\starlette\concurrency.py", line 34, in run_in_threadpool
    |     return await anyio.to_thread.run_sync(func)
    |            ^^^^^^^^^^^^^^^^^^^^^^^^^^^^^^^^^^^^
    |   File "C:\Users\otavi.LUCILENERODRIGU\gado_leiteiro_api\venv\Lib\site-packages\anyio\to_thread.py", line 63, in run_sync
    |     return await get_async_backend().run_sync_in_worker_thread(
    |            ^^^^^^^^^^^^^^^^^^^^^^^^^^^^^^^^^^^^^^^^^^^^^^^^^^^^
    |         func, args, abandon_on_cancel=abandon_on_cancel, limiter=limiter
    |         ^^^^^^^^^^^^^^^^^^^^^^^^^^^^^^^^^^^^^^^^^^^^^^^^^^^^^^^^^^^^^^^^
    |     )
    |     ^
    |   File "C:\Users\otavi.LUCILENERODRIGU\gado_leiteiro_api\venv\Lib\site-packages\anyio\_backends\_asyncio.py", line 2518, in run_sync_in_worker_thread
    |     return await future
    |            ^^^^^^^^^^^^
    |   File "C:\Users\otavi.LUCILENERODRIGU\gado_leiteiro_api\venv\Lib\site-packages\anyio\_backends\_asyncio.py", line 1002, in run
    |     result = context.run(func, *args)
    |   File "C:\Users\otavi.LUCILENERODRIGU\gado_leiteiro_api\app\routers\usuarios.py", line 216, in renovar_token
    |     dados = RefreshTokenRequest(**request.json())
    | TypeError: app.routers.usuarios.renovar_token.<locals>.RefreshTokenRequest() argument after ** must be a mapping, not coroutine
    +------------------------------------

The above exception was the direct cause of the following exception:

Traceback (most recent call last):
  File "C:\Users\otavi.LUCILENERODRIGU\gado_leiteiro_api\venv\Lib\site-packages\starlette\middleware\errors.py", line 164, in __call__
    await self.app(scope, receive, _send)
  File "C:\Users\otavi.LUCILENERODRIGU\gado_leiteiro_api\venv\Lib\site-packages\starlette\middleware\base.py", line 193, in __call__
    response = await self.dispatch_func(request, call_next)
               ^^^^^^^^^^^^^^^^^^^^^^^^^^^^^^^^^^^^^^^^^^^^
  File "C:\Users\otavi.LUCILENERODRIGU\gado_leiteiro_api\app\main.py", line 101, in log_requisicoes
    raise exc
  File "C:\Users\otavi.LUCILENERODRIGU\gado_leiteiro_api\app\main.py", line 88, in log_requisicoes
    response = await call_next(request)
               ^^^^^^^^^^^^^^^^^^^^^^^^
  File "C:\Users\otavi.LUCILENERODRIGU\gado_leiteiro_api\venv\Lib\site-packages\starlette\middleware\base.py", line 168, in call_next
    raise app_exc from app_exc.__cause__ or app_exc.__context__
  File "C:\Users\otavi.LUCILENERODRIGU\gado_leiteiro_api\venv\Lib\site-packages\starlette\middleware\base.py", line 144, in coro
    await self.app(scope, receive_or_disconnect, send_no_error)
  File "C:\Users\otavi.LUCILENERODRIGU\gado_leiteiro_api\venv\Lib\site-packages\starlette\middleware\cors.py", line 96, in __call__
    await self.simple_response(scope, receive, send, request_headers=headers)
  File "C:\Users\otavi.LUCILENERODRIGU\gado_leiteiro_api\venv\Lib\site-packages\starlette\middleware\cors.py", line 154, in simple_response
    await self.app(scope, receive, send)
  File "C:\Users\otavi.LUCILENERODRIGU\gado_leiteiro_api\venv\Lib\site-packages\starlette\middleware\base.py", line 193, in __call__
    response = await self.dispatch_func(request, call_next)
               ^^^^^^^^^^^^^^^^^^^^^^^^^^^^^^^^^^^^^^^^^^^^
  File "C:\Users\otavi.LUCILENERODRIGU\gado_leiteiro_api\venv\Lib\site-packages\slowapi\middleware.py", line 136, in dispatch
    response = await call_next(request)
               ^^^^^^^^^^^^^^^^^^^^^^^^
  File "C:\Users\otavi.LUCILENERODRIGU\gado_leiteiro_api\venv\Lib\site-packages\starlette\middleware\base.py", line 168, in call_next
    raise app_exc from app_exc.__cause__ or app_exc.__context__
  File "C:\Users\otavi.LUCILENERODRIGU\gado_leiteiro_api\venv\Lib\site-packages\starlette\middleware\base.py", line 144, in coro
    await self.app(scope, receive_or_disconnect, send_no_error)
  File "C:\Users\otavi.LUCILENERODRIGU\gado_leiteiro_api\venv\Lib\site-packages\starlette\middleware\exceptions.py", line 63, in __call__
    await wrap_app_handling_exceptions(self.app, conn)(scope, receive, send)
  File "C:\Users\otavi.LUCILENERODRIGU\gado_leiteiro_api\venv\Lib\site-packages\starlette\_exception_handler.py", line 53, in wrapped_app
    raise exc
  File "C:\Users\otavi.LUCILENERODRIGU\gado_leiteiro_api\venv\Lib\site-packages\starlette\_exception_handler.py", line 42, in wrapped_app
    await app(scope, receive, sender)
  File "C:\Users\otavi.LUCILENERODRIGU\gado_leiteiro_api\venv\Lib\site-packages\fastapi\middleware\asyncexitstack.py", line 18, in __call__
    await self.app(scope, receive, send)
  File "C:\Users\otavi.LUCILENERODRIGU\gado_leiteiro_api\venv\Lib\site-packages\starlette\routing.py", line 660, in __call__
    await self.middleware_stack(scope, receive, send)
  File "C:\Users\otavi.LUCILENERODRIGU\gado_leiteiro_api\venv\Lib\site-packages\starlette\routing.py", line 680, in app
    await route.handle(scope, receive, send)
  File "C:\Users\otavi.LUCILENERODRIGU\gado_leiteiro_api\venv\Lib\site-packages\starlette\routing.py", line 276, in handle
    await self.app(scope, receive, send)
  File "C:\Users\otavi.LUCILENERODRIGU\gado_leiteiro_api\venv\Lib\site-packages\fastapi\routing.py", line 134, in app
    await wrap_app_handling_exceptions(app, request)(scope, receive, send)
  File "C:\Users\otavi.LUCILENERODRIGU\gado_leiteiro_api\venv\Lib\site-packages\starlette\_exception_handler.py", line 53, in wrapped_app
    raise exc
  File "C:\Users\otavi.LUCILENERODRIGU\gado_leiteiro_api\venv\Lib\site-packages\starlette\_exception_handler.py", line 42, in wrapped_app
    await app(scope, receive, sender)
  File "C:\Users\otavi.LUCILENERODRIGU\gado_leiteiro_api\venv\Lib\site-packages\fastapi\routing.py", line 120, in app
    response = await f(request)
               ^^^^^^^^^^^^^^^^
  File "C:\Users\otavi.LUCILENERODRIGU\gado_leiteiro_api\venv\Lib\site-packages\fastapi\routing.py", line 674, in app
    raw_response = await run_endpoint_function(
                   ^^^^^^^^^^^^^^^^^^^^^^^^^^^^
    ...<3 lines>...
    )
    ^
  File "C:\Users\otavi.LUCILENERODRIGU\gado_leiteiro_api\venv\Lib\site-packages\fastapi\routing.py", line 330, in run_endpoint_function
    return await run_in_threadpool(dependant.call, **values)
           ^^^^^^^^^^^^^^^^^^^^^^^^^^^^^^^^^^^^^^^^^^^^^^^^^
  File "C:\Users\otavi.LUCILENERODRIGU\gado_leiteiro_api\venv\Lib\site-packages\starlette\concurrency.py", line 34, in run_in_threadpool
    return await anyio.to_thread.run_sync(func)
           ^^^^^^^^^^^^^^^^^^^^^^^^^^^^^^^^^^^^
  File "C:\Users\otavi.LUCILENERODRIGU\gado_leiteiro_api\venv\Lib\site-packages\anyio\to_thread.py", line 63, in run_sync
    return await get_async_backend().run_sync_in_worker_thread(
           ^^^^^^^^^^^^^^^^^^^^^^^^^^^^^^^^^^^^^^^^^^^^^^^^^^^^
        func, args, abandon_on_cancel=abandon_on_cancel, limiter=limiter
        ^^^^^^^^^^^^^^^^^^^^^^^^^^^^^^^^^^^^^^^^^^^^^^^^^^^^^^^^^^^^^^^^
    )
    ^
  File "C:\Users\otavi.LUCILENERODRIGU\gado_leiteiro_api\venv\Lib\site-packages\anyio\_backends\_asyncio.py", line 2518, in run_sync_in_worker_thread
    return await future
           ^^^^^^^^^^^^
  File "C:\Users\otavi.LUCILENERODRIGU\gado_leiteiro_api\venv\Lib\site-packages\anyio\_backends\_asyncio.py", line 1002, in run
    result = context.run(func, *args)
  File "C:\Users\otavi.LUCILENERODRIGU\gado_leiteiro_api\app\routers\usuarios.py", line 216, in renovar_token
    dados = RefreshTokenRequest(**request.json())
TypeError: app.routers.usuarios.renovar_token.<locals>.RefreshTokenRequest() argument after ** must be a mapping, not coroutine
2026-06-21 11:48:01 | INFO | app | → OPTIONS /usuarios/login
2026-06-21 11:48:01 | INFO | app | ← OPTIONS /usuarios/login | Status: 200 | 1.31ms
2026-06-21 11:48:01 | INFO | app | → POST /usuarios/login
2026-06-21 11:48:02 | INFO | usuarios | Login realizado | email: otaviolisboa19@gmail.com
2026-06-21 11:48:02 | INFO | app | ← POST /usuarios/login | Status: 200 | 287.23ms
2026-06-21 11:48:02 | INFO | app | → GET /usuarios/perfil
2026-06-21 11:48:02 | INFO | app | ← GET /usuarios/perfil | Status: 200 | 16.92ms
2026-06-21 11:48:02 | INFO | app | → OPTIONS /dashboard/resumo
2026-06-21 11:48:02 | INFO | app | ← OPTIONS /dashboard/resumo | Status: 200 | 1.38ms
2026-06-21 11:48:02 | INFO | app | → OPTIONS /dashboard/alertas
2026-06-21 11:48:02 | INFO | app | ← OPTIONS /dashboard/alertas | Status: 200 | 0.85ms
2026-06-21 11:48:02 | INFO | app | → GET /dashboard/resumo
2026-06-21 11:48:02 | INFO | app | → GET /dashboard/alertas
2026-06-21 11:48:02 | INFO | dashboard | Resumo consultado | usuário: 4
2026-06-21 11:48:02 | INFO | app | ← GET /dashboard/resumo | Status: 200 | 61.07ms
2026-06-21 11:48:02 | INFO | dashboard | Alertas consultados | usuário: 4
2026-06-21 11:48:02 | INFO | app | ← GET /dashboard/alertas | Status: 200 | 62.97ms
2026-06-21 11:49:56 | INFO | app | → OPTIONS /reproducao/ocorrencias/abertas
2026-06-21 11:49:56 | INFO | app | ← OPTIONS /reproducao/ocorrencias/abertas | Status: 200 | 1.68ms
2026-06-21 11:49:56 | INFO | app | → OPTIONS /animais/ativos
2026-06-21 11:49:56 | INFO | app | ← OPTIONS /animais/ativos | Status: 200 | 1.6ms
2026-06-21 11:49:56 | INFO | app | → GET /reproducao/ocorrencias/abertas
2026-06-21 11:49:56 | INFO | app | → GET /animais/ativos
2026-06-21 11:49:56 | INFO | app | ← GET /reproducao/ocorrencias/abertas | Status: 200 | 58.17ms
2026-06-21 11:49:56 | INFO | app | ← GET /animais/ativos | Status: 200 | 92.9ms
2026-06-21 11:56:18 | INFO | app | → GET /reproducao/ocorrencias/abertas
2026-06-21 11:56:18 | INFO | app | → GET /animais/ativos
2026-06-21 11:56:18 | INFO | app | ← GET /reproducao/ocorrencias/abertas | Status: 200 | 81.82ms
2026-06-21 11:56:18 | INFO | app | ← GET /animais/ativos | Status: 200 | 86.15ms
2026-06-21 11:56:57 | INFO | app | → GET /usuarios/perfil
2026-06-21 11:56:58 | INFO | app | ← GET /usuarios/perfil | Status: 200 | 458.4ms
2026-06-21 11:56:58 | INFO | app | → GET /usuarios/perfil
2026-06-21 11:56:58 | INFO | app | ← GET /usuarios/perfil | Status: 200 | 18.15ms
2026-06-21 11:56:58 | INFO | app | → GET /reproducao/ocorrencias/abertas
2026-06-21 11:56:58 | INFO | app | → GET /animais/ativos
2026-06-21 11:56:58 | INFO | app | ← GET /reproducao/ocorrencias/abertas | Status: 200 | 84.0ms
2026-06-21 11:56:58 | INFO | app | ← GET /animais/ativos | Status: 200 | 134.33ms
2026-06-21 11:58:06 | INFO | app | → OPTIONS /reproducao/ocorrencias/
2026-06-21 11:58:06 | INFO | app | ← OPTIONS /reproducao/ocorrencias/ | Status: 200 | 0.61ms
2026-06-21 11:58:06 | INFO | app | → POST /reproducao/ocorrencias/
2026-06-21 11:58:06 | INFO | reproducao | Ocorrência registrada | animal: 5 | usuário: 4
2026-06-21 11:58:06 | INFO | app | ← POST /reproducao/ocorrencias/ | Status: 200 | 83.73ms
2026-06-21 11:58:06 | INFO | app | → GET /reproducao/ocorrencias/abertas
2026-06-21 11:58:06 | INFO | app | → GET /animais/ativos
2026-06-21 11:58:06 | INFO | app | ← GET /reproducao/ocorrencias/abertas | Status: 200 | 51.67ms
2026-06-21 11:58:06 | INFO | app | ← GET /animais/ativos | Status: 200 | 51.4ms
2026-06-21 11:58:06 | INFO | app | → GET /animais/ativos
2026-06-21 11:58:06 | INFO | app | → GET /reproducao/ocorrencias/abertas
2026-06-21 11:58:06 | INFO | app | ← GET /animais/ativos | Status: 200 | 47.14ms
2026-06-21 11:58:06 | INFO | app | ← GET /reproducao/ocorrencias/abertas | Status: 200 | 64.2ms
2026-06-21 11:58:23 | INFO | app | → OPTIONS /reproducao/ocorrencias/1
2026-06-21 11:58:23 | INFO | app | ← OPTIONS /reproducao/ocorrencias/1 | Status: 200 | 0.68ms
2026-06-21 11:58:23 | INFO | app | → PUT /reproducao/ocorrencias/1
2026-06-21 11:58:23 | INFO | reproducao | Ocorrência atualizada | id: 1 | usuário: 4
2026-06-21 11:58:23 | INFO | app | ← PUT /reproducao/ocorrencias/1 | Status: 200 | 28.96ms
2026-06-21 11:58:23 | INFO | app | → GET /reproducao/ocorrencias/abertas
2026-06-21 11:58:23 | INFO | app | → GET /animais/ativos
2026-06-21 11:58:23 | INFO | app | ← GET /animais/ativos | Status: 200 | 39.36ms
2026-06-21 11:58:23 | INFO | app | → GET /animais/ativos
2026-06-21 11:58:23 | INFO | app | ← GET /reproducao/ocorrencias/abertas | Status: 200 | 54.55ms
2026-06-21 11:58:23 | INFO | app | → GET /reproducao/ocorrencias/abertas
2026-06-21 11:58:23 | INFO | app | ← GET /animais/ativos | Status: 200 | 58.06ms
2026-06-21 11:58:23 | INFO | app | ← GET /reproducao/ocorrencias/abertas | Status: 200 | 54.99ms
2026-06-21 12:00:01 | INFO | app | → OPTIONS /medicamentos/
2026-06-21 12:00:01 | INFO | app | ← OPTIONS /medicamentos/ | Status: 200 | 1.87ms
2026-06-21 12:00:01 | INFO | app | → GET /medicamentos/
2026-06-21 12:00:01 | INFO | app | ← GET /medicamentos/ | Status: 200 | 67.99ms
2026-06-21 12:01:10 | INFO | app | → OPTIONS /animais/
2026-06-21 12:01:10 | INFO | app | ← OPTIONS /animais/ | Status: 200 | 2.35ms
2026-06-21 12:01:10 | INFO | app | → GET /animais/
2026-06-21 12:01:10 | INFO | app | ← GET /animais/ | Status: 200 | 48.22ms
2026-06-21 12:01:13 | INFO | app | → OPTIONS /producoes/preco-leite/vigente
2026-06-21 12:01:13 | INFO | app | ← OPTIONS /producoes/preco-leite/vigente | Status: 200 | 3.03ms
2026-06-21 12:01:13 | INFO | app | → OPTIONS /producoes/
2026-06-21 12:01:13 | INFO | app | → OPTIONS /producoes/relatorio/diario
2026-06-21 12:01:13 | INFO | app | → GET /producoes/preco-leite/vigente
2026-06-21 12:01:13 | INFO | app | ← OPTIONS /producoes/ | Status: 200 | 8.53ms
2026-06-21 12:01:13 | INFO | app | ← OPTIONS /producoes/relatorio/diario | Status: 200 | 10.81ms
2026-06-21 12:01:13 | INFO | app | → GET /producoes/relatorio/diario
2026-06-21 12:01:13 | INFO | app | → GET /producoes/
2026-06-21 12:01:13 | INFO | app | ← GET /producoes/preco-leite/vigente | Status: 200 | 205.28ms
2026-06-21 12:01:13 | INFO | app | ← GET /producoes/relatorio/diario | Status: 200 | 220.16ms
2026-06-21 12:01:13 | INFO | app | ← GET /producoes/ | Status: 200 | 244.07ms
2026-06-21 12:01:15 | INFO | app | → OPTIONS /partos/
2026-06-21 12:01:15 | INFO | app | → GET /animais/
2026-06-21 12:01:15 | INFO | app | ← OPTIONS /partos/ | Status: 200 | 5.33ms
2026-06-21 12:01:15 | INFO | app | → GET /partos/
2026-06-21 12:01:15 | INFO | app | ← GET /animais/ | Status: 200 | 83.52ms
2026-06-21 12:01:15 | INFO | app | ← GET /partos/ | Status: 200 | 91.07ms
2026-06-21 12:01:17 | INFO | app | → OPTIONS /reproducao/
2026-06-21 12:01:17 | INFO | app | ← OPTIONS /reproducao/ | Status: 200 | 1.23ms
2026-06-21 12:01:17 | INFO | app | → GET /reproducao/
2026-06-21 12:01:17 | INFO | app | ← GET /reproducao/ | Status: 200 | 54.4ms
2026-06-21 12:01:18 | INFO | app | → OPTIONS /producoes/relatorio/mensal
2026-06-21 12:01:18 | INFO | app | → GET /producoes/preco-leite/vigente
2026-06-21 12:01:18 | INFO | app | ← OPTIONS /producoes/relatorio/mensal | Status: 200 | 6.47ms
2026-06-21 12:01:18 | INFO | app | → GET /producoes/relatorio/mensal
2026-06-21 12:01:18 | INFO | app | ← GET /producoes/preco-leite/vigente | Status: 200 | 82.29ms
2026-06-21 12:01:18 | INFO | app | ← GET /producoes/relatorio/mensal | Status: 200 | 97.45ms
2026-06-21 12:05:52 | INFO | app | → OPTIONS /reproducao/ocorrencias/abertas
2026-06-21 12:05:52 | INFO | app | → OPTIONS /animais/ativos
2026-06-21 12:05:52 | INFO | app | ← OPTIONS /reproducao/ocorrencias/abertas | Status: 200 | 98.79ms
2026-06-21 12:05:52 | INFO | app | ← OPTIONS /animais/ativos | Status: 200 | 63.2ms
2026-06-21 12:05:52 | INFO | app | → GET /reproducao/ocorrencias/abertas
2026-06-21 12:05:52 | INFO | app | → GET /animais/ativos
2026-06-21 12:05:53 | INFO | app | ← GET /animais/ativos | Status: 200 | 575.52ms
2026-06-21 12:05:53 | INFO | app | ← GET /reproducao/ocorrencias/abertas | Status: 200 | 682.29ms
2026-06-21 12:05:54 | INFO | app | → OPTIONS /usuarios/perfil
2026-06-21 12:05:54 | INFO | app | → OPTIONS /usuarios/perfil
2026-06-21 12:05:54 | INFO | app | ← OPTIONS /usuarios/perfil | Status: 200 | 7.62ms
2026-06-21 12:05:54 | INFO | app | ← OPTIONS /usuarios/perfil | Status: 200 | 10.04ms
2026-06-21 12:05:54 | INFO | app | → GET /usuarios/perfil
2026-06-21 12:05:54 | INFO | app | ← GET /usuarios/perfil | Status: 200 | 44.95ms
2026-06-21 12:05:54 | INFO | app | → GET /usuarios/perfil
2026-06-21 12:05:54 | INFO | app | ← GET /usuarios/perfil | Status: 200 | 22.81ms
2026-06-21 12:05:55 | INFO | app | → GET /reproducao/ocorrencias/abertas
2026-06-21 12:05:55 | INFO | app | → GET /animais/ativos
2026-06-21 12:05:55 | INFO | app | ← GET /animais/ativos | Status: 200 | 48.45ms
2026-06-21 12:05:55 | INFO | app | ← GET /reproducao/ocorrencias/abertas | Status: 200 | 59.53ms
2026-06-21 12:06:13 | INFO | app | → GET /medicamentos/
2026-06-21 12:06:13 | INFO | app | ← GET /medicamentos/ | Status: 200 | 95.95ms
2026-06-21 12:06:19 | INFO | app | → OPTIONS /vacinas/
2026-06-21 12:06:19 | INFO | app | ← OPTIONS /vacinas/ | Status: 200 | 7.4ms
2026-06-21 12:06:19 | INFO | app | → GET /vacinas/
2026-06-21 12:06:19 | INFO | app | ← GET /vacinas/ | Status: 200 | 293.0ms
2026-06-21 12:06:22 | INFO | app | → GET /partos/
2026-06-21 12:06:22 | INFO | app | → GET /animais/
2026-06-21 12:06:22 | INFO | app | ← GET /animais/ | Status: 200 | 63.41ms
2026-06-21 12:06:22 | INFO | app | ← GET /partos/ | Status: 200 | 75.65ms
2026-06-21 12:06:26 | INFO | app | → GET /producoes/preco-leite/vigente
2026-06-21 12:06:26 | INFO | app | → GET /producoes/relatorio/diario
2026-06-21 12:06:26 | INFO | app | → GET /producoes/
2026-06-21 12:06:26 | INFO | app | ← GET /producoes/preco-leite/vigente | Status: 200 | 101.72ms
2026-06-21 12:06:26 | INFO | app | ← GET /producoes/ | Status: 200 | 97.92ms
2026-06-21 12:06:26 | INFO | app | ← GET /producoes/relatorio/diario | Status: 200 | 131.98ms
2026-06-21 12:06:31 | INFO | app | → GET /animais/
2026-06-21 12:06:31 | INFO | app | ← GET /animais/ | Status: 200 | 26.38ms
2026-06-21 12:07:02 | INFO | app | → GET /usuarios/perfil
2026-06-21 12:07:02 | INFO | app | ← GET /usuarios/perfil | Status: 200 | 25.15ms
2026-06-21 12:07:02 | INFO | app | → GET /usuarios/perfil
2026-06-21 12:07:02 | INFO | app | ← GET /usuarios/perfil | Status: 200 | 38.99ms
2026-06-21 12:07:02 | INFO | app | → GET /reproducao/ocorrencias/abertas
2026-06-21 12:07:02 | INFO | app | → GET /animais/ativos
2026-06-21 12:07:02 | INFO | app | ← GET /animais/ativos | Status: 200 | 46.79ms
2026-06-21 12:07:02 | INFO | app | ← GET /reproducao/ocorrencias/abertas | Status: 200 | 60.71ms
